{"/home/user/ub/4a/softeng/development/is115/UBEats/backend/database/index.js":{"path":"/home/user/ub/4a/softeng/development/is115/UBEats/backend/database/index.js","statementMap":{"0":{"start":{"line":1,"column":13},"end":{"line":1,"column":31}},"1":{"start":{"line":2,"column":13},"end":{"line":8,"column":2}},"2":{"start":{"line":11,"column":0},"end":{"line":11,"column":23}}},"fnMap":{},"branchMap":{"0":{"loc":{"start":{"line":3,"column":11},"end":{"line":3,"column":42}},"type":"binary-expr","locations":[{"start":{"line":3,"column":11},"end":{"line":3,"column":30}},{"start":{"line":3,"column":34},"end":{"line":3,"column":42}}],"line":3},"1":{"loc":{"start":{"line":4,"column":11},"end":{"line":4,"column":45}},"type":"binary-expr","locations":[{"start":{"line":4,"column":11},"end":{"line":4,"column":30}},{"start":{"line":4,"column":34},"end":{"line":4,"column":45}}],"line":4},"2":{"loc":{"start":{"line":5,"column":15},"end":{"line":5,"column":52}},"type":"binary-expr","locations":[{"start":{"line":5,"column":15},"end":{"line":5,"column":38}},{"start":{"line":5,"column":42},"end":{"line":5,"column":52}}],"line":5},"3":{"loc":{"start":{"line":6,"column":15},"end":{"line":6,"column":39}},"type":"binary-expr","locations":[{"start":{"line":6,"column":15},"end":{"line":6,"column":33}},{"start":{"line":6,"column":37},"end":{"line":6,"column":39}}],"line":6},"4":{"loc":{"start":{"line":7,"column":10},"end":{"line":7,"column":37}},"type":"binary-expr","locations":[{"start":{"line":7,"column":10},"end":{"line":7,"column":29}},{"start":{"line":7,"column":33},"end":{"line":7,"column":37}}],"line":7}},"s":{"0":1,"1":1,"2":1},"f":{},"b":{"0":[1,0],"1":[1,0],"2":[1,0],"3":[1,0],"4":[1,0]},"_coverageSchema":"1a1c01bbd47fc00a2c39e90264f33305004495a9","hash":"f4268a3cfb39e06805f2d1ba8a18f9408056b5c3","contentHash":"e92a98230ed3c08daa55f06999a821a960ffafe25263981985003819372582a8"},"/home/user/ub/4a/softeng/development/is115/UBEats/backend/index.js":{"path":"/home/user/ub/4a/softeng/development/is115/UBEats/backend/index.js","statementMap":{"0":{"start":{"line":1,"column":15},"end":{"line":1,"column":32}},"1":{"start":{"line":2,"column":0},"end":{"line":2,"column":15}},"2":{"start":{"line":4,"column":13},"end":{"line":4,"column":28}},"3":{"start":{"line":5,"column":19},"end":{"line":5,"column":41}},"4":{"start":{"line":6,"column":15},"end":{"line":6,"column":32}},"5":{"start":{"line":7,"column":13},"end":{"line":7,"column":28}},"6":{"start":{"line":8,"column":16},"end":{"line":8,"column":34}},"7":{"start":{"line":9,"column":15},"end":{"line":9,"column":40}},"8":{"start":{"line":11,"column":13},"end":{"line":11,"column":37}},"9":{"start":{"line":13,"column":12},"end":{"line":13,"column":21}},"10":{"start":{"line":15,"column":0},"end":{"line":15,"column":26}},"11":{"start":{"line":16,"column":0},"end":{"line":16,"column":51}},"12":{"start":{"line":17,"column":0},"end":{"line":17,"column":22}},"13":{"start":{"line":18,"column":0},"end":{"line":18,"column":15}},"14":{"start":{"line":22,"column":0},"end":{"line":22,"column":23}},"15":{"start":{"line":24,"column":0},"end":{"line":24,"column":67}},"16":{"start":{"line":27,"column":0},"end":{"line":29,"column":3}},"17":{"start":{"line":28,"column":4},"end":{"line":28,"column":71}},"18":{"start":{"line":32,"column":0},"end":{"line":34,"column":2}},"19":{"start":{"line":33,"column":4},"end":{"line":33,"column":47}},"20":{"start":{"line":38,"column":0},"end":{"line":38,"column":21}}},"fnMap":{"0":{"name":"(anonymous_0)","decl":{"start":{"line":27,"column":13},"end":{"line":27,"column":14}},"loc":{"start":{"line":27,"column":25},"end":{"line":29,"column":1}},"line":27},"1":{"name":"(anonymous_1)","decl":{"start":{"line":32,"column":17},"end":{"line":32,"column":18}},"loc":{"start":{"line":32,"column":28},"end":{"line":34,"column":1}},"line":32}},"branchMap":{"0":{"loc":{"start":{"line":11,"column":13},"end":{"line":11,"column":37}},"type":"binary-expr","locations":[{"start":{"line":11,"column":13},"end":{"line":11,"column":29}},{"start":{"line":11,"column":33},"end":{"line":11,"column":37}}],"line":11}},"s":{"0":1,"1":1,"2":1,"3":1,"4":1,"5":1,"6":1,"7":1,"8":1,"9":1,"10":1,"11":1,"12":1,"13":1,"14":1,"15":1,"16":1,"17":0,"18":1,"19":1,"20":1},"f":{"0":0,"1":1},"b":{"0":[1,0]},"_coverageSchema":"1a1c01bbd47fc00a2c39e90264f33305004495a9","hash":"6bbf93ae1bae7687f5bd844cd26a6afb9cc1c812","contentHash":"d379a230513376c434cdc6b18c213222fdd9f62fa36c843d8f058934fd698b64"},"/home/user/ub/4a/softeng/development/is115/UBEats/backend/routes/index.js":{"path":"/home/user/ub/4a/softeng/development/is115/UBEats/backend/routes/index.js","statementMap":{"0":{"start":{"line":1,"column":16},"end":{"line":1,"column":34}},"1":{"start":{"line":3,"column":14},"end":{"line":3,"column":45}},"2":{"start":{"line":4,"column":20},"end":{"line":4,"column":57}},"3":{"start":{"line":5,"column":14},"end":{"line":5,"column":45}},"4":{"start":{"line":6,"column":15},"end":{"line":6,"column":55}},"5":{"start":{"line":8,"column":15},"end":{"line":8,"column":31}},"6":{"start":{"line":13,"column":0},"end":{"line":13,"column":33}},"7":{"start":{"line":14,"column":0},"end":{"line":14,"column":39}},"8":{"start":{"line":18,"column":0},"end":{"line":18,"column":44}},"9":{"start":{"line":21,"column":0},"end":{"line":21,"column":49}},"10":{"start":{"line":24,"column":0},"end":{"line":24,"column":45}},"11":{"start":{"line":25,"column":0},"end":{"line":25,"column":63}},"12":{"start":{"line":26,"column":0},"end":{"line":26,"column":65}},"13":{"start":{"line":27,"column":0},"end":{"line":27,"column":66}},"14":{"start":{"line":28,"column":0},"end":{"line":28,"column":49}},"15":{"start":{"line":29,"column":0},"end":{"line":29,"column":58}},"16":{"start":{"line":31,"column":0},"end":{"line":31,"column":66}},"17":{"start":{"line":32,"column":0},"end":{"line":32,"column":60}},"18":{"start":{"line":33,"column":0},"end":{"line":33,"column":56}},"19":{"start":{"line":35,"column":0},"end":{"line":35,"column":42}},"20":{"start":{"line":37,"column":0},"end":{"line":37,"column":56}},"21":{"start":{"line":39,"column":0},"end":{"line":39,"column":52}},"22":{"start":{"line":41,"column":0},"end":{"line":41,"column":74}},"23":{"start":{"line":42,"column":0},"end":{"line":42,"column":53}},"24":{"start":{"line":45,"column":0},"end":{"line":45,"column":92}},"25":{"start":{"line":48,"column":0},"end":{"line":48,"column":34}},"26":{"start":{"line":49,"column":0},"end":{"line":49,"column":40}},"27":{"start":{"line":50,"column":0},"end":{"line":50,"column":35}},"28":{"start":{"line":51,"column":0},"end":{"line":51,"column":43}},"29":{"start":{"line":52,"column":0},"end":{"line":52,"column":46}},"30":{"start":{"line":55,"column":0},"end":{"line":55,"column":64}},"31":{"start":{"line":56,"column":0},"end":{"line":56,"column":70}},"32":{"start":{"line":57,"column":0},"end":{"line":57,"column":64}},"33":{"start":{"line":58,"column":0},"end":{"line":58,"column":73}},"34":{"start":{"line":59,"column":0},"end":{"line":59,"column":76}},"35":{"start":{"line":62,"column":0},"end":{"line":62,"column":66}},"36":{"start":{"line":68,"column":0},"end":{"line":68,"column":23}}},"fnMap":{},"branchMap":{},"s":{"0":1,"1":1,"2":1,"3":1,"4":1,"5":1,"6":1,"7":1,"8":1,"9":1,"10":1,"11":1,"12":1,"13":1,"14":1,"15":1,"16":1,"17":1,"18":1,"19":1,"20":1,"21":1,"22":1,"23":1,"24":1,"25":1,"26":1,"27":1,"28":1,"29":1,"30":1,"31":1,"32":1,"33":1,"34":1,"35":1,"36":1},"f":{},"b":{},"_coverageSchema":"1a1c01bbd47fc00a2c39e90264f33305004495a9","hash":"64da6aaa509cf5cf762f1a6ddca2c4a7d4d68d49","contentHash":"3505eef69dc930d78cf8c8048c31a25a3494b48080fa4446957320f66f9389aa"},"/home/user/ub/4a/softeng/development/is115/UBEats/backend/controllers/Users.js":{"path":"/home/user/ub/4a/softeng/development/is115/UBEats/backend/controllers/Users.js","statementMap":{"0":{"start":{"line":1,"column":14},"end":{"line":1,"column":42}},"1":{"start":{"line":2,"column":18},"end":{"line":2,"column":46}},"2":{"start":{"line":11,"column":19},"end":{"line":11,"column":22}},"3":{"start":{"line":12,"column":22},"end":{"line":12,"column":48}},"4":{"start":{"line":13,"column":4},"end":{"line":13,"column":76}},"5":{"start":{"line":13,"column":19},"end":{"line":13,"column":76}},"6":{"start":{"line":14,"column":4},"end":{"line":14,"column":44}},"7":{"start":{"line":23,"column":19},"end":{"line":23,"column":22}},"8":{"start":{"line":24,"column":17},"end":{"line":24,"column":59}},"9":{"start":{"line":26,"column":4},"end":{"line":26,"column":128}},"10":{"start":{"line":26,"column":15},"end":{"line":26,"column":128}},"11":{"start":{"line":27,"column":4},"end":{"line":31,"column":5}},"12":{"start":{"line":28,"column":8},"end":{"line":28,"column":152}},"13":{"start":{"line":28,"column":58},"end":{"line":28,"column":152}},"14":{"start":{"line":29,"column":8},"end":{"line":29,"column":24}},"15":{"start":{"line":30,"column":8},"end":{"line":30,"column":43}},"16":{"start":{"line":40,"column":19},"end":{"line":40,"column":22}},"17":{"start":{"line":41,"column":17},"end":{"line":41,"column":49}},"18":{"start":{"line":42,"column":4},"end":{"line":42,"column":68}},"19":{"start":{"line":42,"column":20},"end":{"line":42,"column":68}},"20":{"start":{"line":43,"column":4},"end":{"line":43,"column":20}},"21":{"start":{"line":44,"column":4},"end":{"line":44,"column":39}},"22":{"start":{"line":53,"column":21},"end":{"line":53,"column":24}},"23":{"start":{"line":55,"column":4},"end":{"line":56,"column":72}},"24":{"start":{"line":56,"column":8},"end":{"line":56,"column":72}},"25":{"start":{"line":58,"column":17},"end":{"line":58,"column":57}},"26":{"start":{"line":61,"column":4},"end":{"line":62,"column":94}},"27":{"start":{"line":62,"column":8},"end":{"line":62,"column":94}},"28":{"start":{"line":64,"column":4},"end":{"line":64,"column":39}},"29":{"start":{"line":75,"column":20},"end":{"line":75,"column":30}},"30":{"start":{"line":76,"column":19},"end":{"line":76,"column":22}},"31":{"start":{"line":78,"column":4},"end":{"line":79,"column":72}},"32":{"start":{"line":79,"column":8},"end":{"line":79,"column":72}},"33":{"start":{"line":81,"column":4},"end":{"line":82,"column":138}},"34":{"start":{"line":82,"column":8},"end":{"line":82,"column":138}},"35":{"start":{"line":84,"column":17},"end":{"line":84,"column":56}},"36":{"start":{"line":86,"column":4},"end":{"line":87,"column":91}},"37":{"start":{"line":87,"column":8},"end":{"line":87,"column":91}},"38":{"start":{"line":88,"column":4},"end":{"line":89,"column":69}},"39":{"start":{"line":89,"column":8},"end":{"line":89,"column":69}},"40":{"start":{"line":90,"column":4},"end":{"line":90,"column":39}},"41":{"start":{"line":96,"column":0},"end":{"line":96,"column":76}}},"fnMap":{"0":{"name":"_get_all_users","decl":{"start":{"line":10,"column":15},"end":{"line":10,"column":29}},"loc":{"start":{"line":10,"column":39},"end":{"line":15,"column":1}},"line":10},"1":{"name":"login","decl":{"start":{"line":22,"column":15},"end":{"line":22,"column":20}},"loc":{"start":{"line":22,"column":30},"end":{"line":32,"column":1}},"line":22},"2":{"name":"register","decl":{"start":{"line":39,"column":15},"end":{"line":39,"column":23}},"loc":{"start":{"line":39,"column":33},"end":{"line":45,"column":1}},"line":39},"3":{"name":"deleteUser","decl":{"start":{"line":52,"column":15},"end":{"line":52,"column":25}},"loc":{"start":{"line":52,"column":35},"end":{"line":65,"column":1}},"line":52},"4":{"name":"updateUser","decl":{"start":{"line":74,"column":15},"end":{"line":74,"column":25}},"loc":{"start":{"line":74,"column":35},"end":{"line":92,"column":1}},"line":74}},"branchMap":{"0":{"loc":{"start":{"line":13,"column":4},"end":{"line":13,"column":76}},"type":"if","locations":[{"start":{"line":13,"column":4},"end":{"line":13,"column":76}},{"start":{"line":13,"column":4},"end":{"line":13,"column":76}}],"line":13},"1":{"loc":{"start":{"line":26,"column":4},"end":{"line":26,"column":128}},"type":"if","locations":[{"start":{"line":26,"column":4},"end":{"line":26,"column":128}},{"start":{"line":26,"column":4},"end":{"line":26,"column":128}}],"line":26},"2":{"loc":{"start":{"line":27,"column":4},"end":{"line":31,"column":5}},"type":"if","locations":[{"start":{"line":27,"column":4},"end":{"line":31,"column":5}},{"start":{"line":27,"column":4},"end":{"line":31,"column":5}}],"line":27},"3":{"loc":{"start":{"line":28,"column":8},"end":{"line":28,"column":152}},"type":"if","locations":[{"start":{"line":28,"column":8},"end":{"line":28,"column":152}},{"start":{"line":28,"column":8},"end":{"line":28,"column":152}}],"line":28},"4":{"loc":{"start":{"line":28,"column":12},"end":{"line":28,"column":56}},"type":"binary-expr","locations":[{"start":{"line":28,"column":12},"end":{"line":28,"column":26}},{"start":{"line":28,"column":30},"end":{"line":28,"column":56}}],"line":28},"5":{"loc":{"start":{"line":42,"column":4},"end":{"line":42,"column":68}},"type":"if","locations":[{"start":{"line":42,"column":4},"end":{"line":42,"column":68}},{"start":{"line":42,"column":4},"end":{"line":42,"column":68}}],"line":42},"6":{"loc":{"start":{"line":55,"column":4},"end":{"line":56,"column":72}},"type":"if","locations":[{"start":{"line":55,"column":4},"end":{"line":56,"column":72}},{"start":{"line":55,"column":4},"end":{"line":56,"column":72}}],"line":55},"7":{"loc":{"start":{"line":61,"column":4},"end":{"line":62,"column":94}},"type":"if","locations":[{"start":{"line":61,"column":4},"end":{"line":62,"column":94}},{"start":{"line":61,"column":4},"end":{"line":62,"column":94}}],"line":61},"8":{"loc":{"start":{"line":78,"column":4},"end":{"line":79,"column":72}},"type":"if","locations":[{"start":{"line":78,"column":4},"end":{"line":79,"column":72}},{"start":{"line":78,"column":4},"end":{"line":79,"column":72}}],"line":78},"9":{"loc":{"start":{"line":81,"column":4},"end":{"line":82,"column":138}},"type":"if","locations":[{"start":{"line":81,"column":4},"end":{"line":82,"column":138}},{"start":{"line":81,"column":4},"end":{"line":82,"column":138}}],"line":81},"10":{"loc":{"start":{"line":86,"column":4},"end":{"line":87,"column":91}},"type":"if","locations":[{"start":{"line":86,"column":4},"end":{"line":87,"column":91}},{"start":{"line":86,"column":4},"end":{"line":87,"column":91}}],"line":86},"11":{"loc":{"start":{"line":88,"column":4},"end":{"line":89,"column":69}},"type":"if","locations":[{"start":{"line":88,"column":4},"end":{"line":89,"column":69}},{"start":{"line":88,"column":4},"end":{"line":89,"column":69}}],"line":88}},"s":{"0":1,"1":1,"2":0,"3":0,"4":0,"5":0,"6":0,"7":3,"8":3,"9":3,"10":1,"11":2,"12":2,"13":1,"14":1,"15":1,"16":5,"17":5,"18":5,"19":1,"20":4,"21":4,"22":2,"23":2,"24":0,"25":2,"26":2,"27":1,"28":1,"29":4,"30":4,"31":4,"32":0,"33":4,"34":0,"35":4,"36":4,"37":0,"38":4,"39":1,"40":3,"41":1},"f":{"0":0,"1":3,"2":5,"3":2,"4":4},"b":{"0":[0,0],"1":[1,2],"2":[2,0],"3":[1,1],"4":[2,2],"5":[1,4],"6":[0,2],"7":[1,1],"8":[0,4],"9":[0,4],"10":[0,4],"11":[1,3]},"_coverageSchema":"1a1c01bbd47fc00a2c39e90264f33305004495a9","hash":"740801d489698a8710fd06dc66c85d02b6c124ca","contentHash":"da4bbea7beac7f7099e4e299d3a25b50a0bd42ebd12d4fb54908a27800745766"},"/home/user/ub/4a/softeng/development/is115/UBEats/backend/services/users.js":{"path":"/home/user/ub/4a/softeng/development/is115/UBEats/backend/services/users.js","statementMap":{"0":{"start":{"line":2,"column":15},"end":{"line":2,"column":35}},"1":{"start":{"line":3,"column":15},"end":{"line":3,"column":46}},"2":{"start":{"line":4,"column":36},"end":{"line":4,"column":65}},"3":{"start":{"line":6,"column":18},"end":{"line":11,"column":17}},"4":{"start":{"line":24,"column":5},"end":{"line":28,"column":26}},"5":{"start":{"line":26,"column":12},"end":{"line":26,"column":51}},"6":{"start":{"line":26,"column":40},"end":{"line":26,"column":50}},"7":{"start":{"line":28,"column":22},"end":{"line":28,"column":25}},"8":{"start":{"line":36,"column":4},"end":{"line":40,"column":26}},"9":{"start":{"line":38,"column":12},"end":{"line":38,"column":38}},"10":{"start":{"line":40,"column":22},"end":{"line":40,"column":25}},"11":{"start":{"line":50,"column":20},"end":{"line":50,"column":148}},"12":{"start":{"line":52,"column":18},"end":{"line":52,"column":80}},"13":{"start":{"line":55,"column":4},"end":{"line":56,"column":94}},"14":{"start":{"line":56,"column":8},"end":{"line":56,"column":94}},"15":{"start":{"line":57,"column":4},"end":{"line":58,"column":88}},"16":{"start":{"line":58,"column":8},"end":{"line":58,"column":88}},"17":{"start":{"line":60,"column":4},"end":{"line":74,"column":62}},"18":{"start":{"line":62,"column":30},"end":{"line":62,"column":64}},"19":{"start":{"line":65,"column":8},"end":{"line":69,"column":9}},"20":{"start":{"line":66,"column":27},"end":{"line":66,"column":87}},"21":{"start":{"line":67,"column":31},"end":{"line":67,"column":57}},"22":{"start":{"line":68,"column":12},"end":{"line":68,"column":89}},"23":{"start":{"line":70,"column":8},"end":{"line":70,"column":47}},"24":{"start":{"line":72,"column":8},"end":{"line":72,"column":34}},"25":{"start":{"line":74,"column":21},"end":{"line":74,"column":60}},"26":{"start":{"line":87,"column":22},"end":{"line":87,"column":24}},"27":{"start":{"line":88,"column":4},"end":{"line":90,"column":5}},"28":{"start":{"line":89,"column":8},"end":{"line":89,"column":78}},"29":{"start":{"line":91,"column":14},"end":{"line":91,"column":105}},"30":{"start":{"line":92,"column":4},"end":{"line":96,"column":71}},"31":{"start":{"line":94,"column":8},"end":{"line":94,"column":34}},"32":{"start":{"line":96,"column":21},"end":{"line":96,"column":69}},"33":{"start":{"line":105,"column":4},"end":{"line":111,"column":10}},"34":{"start":{"line":107,"column":12},"end":{"line":107,"column":38}},"35":{"start":{"line":110,"column":12},"end":{"line":110,"column":45}},"36":{"start":{"line":124,"column":20},"end":{"line":124,"column":47}},"37":{"start":{"line":125,"column":4},"end":{"line":126,"column":76}},"38":{"start":{"line":126,"column":8},"end":{"line":126,"column":76}},"39":{"start":{"line":129,"column":21},"end":{"line":129,"column":43}},"40":{"start":{"line":131,"column":22},"end":{"line":131,"column":24}},"41":{"start":{"line":132,"column":15},"end":{"line":132,"column":17}},"42":{"start":{"line":134,"column":4},"end":{"line":134,"column":22}},"43":{"start":{"line":135,"column":4},"end":{"line":135,"column":29}},"44":{"start":{"line":138,"column":4},"end":{"line":143,"column":5}},"45":{"start":{"line":139,"column":8},"end":{"line":142,"column":9}},"46":{"start":{"line":140,"column":12},"end":{"line":140,"column":31}},"47":{"start":{"line":141,"column":12},"end":{"line":141,"column":28}},"48":{"start":{"line":146,"column":4},"end":{"line":151,"column":5}},"49":{"start":{"line":147,"column":8},"end":{"line":150,"column":9}},"50":{"start":{"line":148,"column":12},"end":{"line":148,"column":38}},"51":{"start":{"line":149,"column":12},"end":{"line":149,"column":28}},"52":{"start":{"line":153,"column":4},"end":{"line":153,"column":20}},"53":{"start":{"line":154,"column":4},"end":{"line":154,"column":22}},"54":{"start":{"line":156,"column":4},"end":{"line":156,"column":115}},"55":{"start":{"line":156,"column":44},"end":{"line":156,"column":115}},"56":{"start":{"line":157,"column":18},"end":{"line":157,"column":67}},"57":{"start":{"line":158,"column":20},"end":{"line":158,"column":65}},"58":{"start":{"line":159,"column":4},"end":{"line":161,"column":5}},"59":{"start":{"line":160,"column":8},"end":{"line":160,"column":69}},"60":{"start":{"line":163,"column":20},"end":{"line":163,"column":87}},"61":{"start":{"line":164,"column":24},"end":{"line":164,"column":73}},"62":{"start":{"line":165,"column":4},"end":{"line":169,"column":5}},"63":{"start":{"line":166,"column":21},"end":{"line":166,"column":72}},"64":{"start":{"line":167,"column":28},"end":{"line":167,"column":50}},"65":{"start":{"line":168,"column":8},"end":{"line":168,"column":77}},"66":{"start":{"line":171,"column":14},"end":{"line":171,"column":16}},"67":{"start":{"line":174,"column":4},"end":{"line":174,"column":50}},"68":{"start":{"line":174,"column":17},"end":{"line":174,"column":50}},"69":{"start":{"line":175,"column":4},"end":{"line":175,"column":61}},"70":{"start":{"line":175,"column":21},"end":{"line":175,"column":61}},"71":{"start":{"line":177,"column":4},"end":{"line":177,"column":14}},"72":{"start":{"line":180,"column":0},"end":{"line":180,"column":79}}},"fnMap":{"0":{"name":"getUsers","decl":{"start":{"line":22,"column":15},"end":{"line":22,"column":23}},"loc":{"start":{"line":22,"column":26},"end":{"line":29,"column":1}},"line":22},"1":{"name":"(anonymous_1)","decl":{"start":{"line":25,"column":14},"end":{"line":25,"column":15}},"loc":{"start":{"line":25,"column":20},"end":{"line":27,"column":9}},"line":25},"2":{"name":"(anonymous_2)","decl":{"start":{"line":26,"column":32},"end":{"line":26,"column":33}},"loc":{"start":{"line":26,"column":40},"end":{"line":26,"column":50}},"line":26},"3":{"name":"(anonymous_3)","decl":{"start":{"line":28,"column":15},"end":{"line":28,"column":16}},"loc":{"start":{"line":28,"column":22},"end":{"line":28,"column":25}},"line":28},"4":{"name":"getUserByEmail","decl":{"start":{"line":35,"column":9},"end":{"line":35,"column":23}},"loc":{"start":{"line":35,"column":31},"end":{"line":41,"column":1}},"line":35},"5":{"name":"(anonymous_5)","decl":{"start":{"line":37,"column":14},"end":{"line":37,"column":15}},"loc":{"start":{"line":37,"column":20},"end":{"line":39,"column":9}},"line":37},"6":{"name":"(anonymous_6)","decl":{"start":{"line":40,"column":15},"end":{"line":40,"column":16}},"loc":{"start":{"line":40,"column":22},"end":{"line":40,"column":25}},"line":40},"7":{"name":"createUser","decl":{"start":{"line":48,"column":15},"end":{"line":48,"column":25}},"loc":{"start":{"line":48,"column":33},"end":{"line":76,"column":1}},"line":48},"8":{"name":"(anonymous_8)","decl":{"start":{"line":61,"column":11},"end":{"line":61,"column":12}},"loc":{"start":{"line":61,"column":26},"end":{"line":73,"column":5}},"line":61},"9":{"name":"(anonymous_9)","decl":{"start":{"line":74,"column":11},"end":{"line":74,"column":12}},"loc":{"start":{"line":74,"column":19},"end":{"line":74,"column":61}},"line":74},"10":{"name":"_createSpecficicUser","decl":{"start":{"line":86,"column":9},"end":{"line":86,"column":29}},"loc":{"start":{"line":86,"column":37},"end":{"line":98,"column":1}},"line":86},"11":{"name":"(anonymous_11)","decl":{"start":{"line":93,"column":10},"end":{"line":93,"column":11}},"loc":{"start":{"line":93,"column":16},"end":{"line":95,"column":5}},"line":93},"12":{"name":"(anonymous_12)","decl":{"start":{"line":96,"column":11},"end":{"line":96,"column":12}},"loc":{"start":{"line":96,"column":19},"end":{"line":96,"column":70}},"line":96},"13":{"name":"deleteUser","decl":{"start":{"line":104,"column":15},"end":{"line":104,"column":25}},"loc":{"start":{"line":104,"column":32},"end":{"line":112,"column":1}},"line":104},"14":{"name":"(anonymous_14)","decl":{"start":{"line":106,"column":14},"end":{"line":106,"column":15}},"loc":{"start":{"line":106,"column":23},"end":{"line":108,"column":9}},"line":106},"15":{"name":"(anonymous_15)","decl":{"start":{"line":109,"column":15},"end":{"line":109,"column":16}},"loc":{"start":{"line":109,"column":22},"end":{"line":111,"column":9}},"line":109},"16":{"name":"updateUser","decl":{"start":{"line":120,"column":15},"end":{"line":120,"column":25}},"loc":{"start":{"line":120,"column":40},"end":{"line":178,"column":1}},"line":120}},"branchMap":{"0":{"loc":{"start":{"line":38,"column":19},"end":{"line":38,"column":38}},"type":"binary-expr","locations":[{"start":{"line":38,"column":19},"end":{"line":38,"column":30}},{"start":{"line":38,"column":34},"end":{"line":38,"column":38}}],"line":38},"1":{"loc":{"start":{"line":50,"column":48},"end":{"line":50,"column":64}},"type":"binary-expr","locations":[{"start":{"line":50,"column":48},"end":{"line":50,"column":58}},{"start":{"line":50,"column":62},"end":{"line":50,"column":64}}],"line":50},"2":{"loc":{"start":{"line":50,"column":66},"end":{"line":50,"column":85}},"type":"binary-expr","locations":[{"start":{"line":50,"column":66},"end":{"line":50,"column":79}},{"start":{"line":50,"column":83},"end":{"line":50,"column":85}}],"line":50},"3":{"loc":{"start":{"line":50,"column":104},"end":{"line":50,"column":122}},"type":"binary-expr","locations":[{"start":{"line":50,"column":104},"end":{"line":50,"column":116}},{"start":{"line":50,"column":120},"end":{"line":50,"column":122}}],"line":50},"4":{"loc":{"start":{"line":55,"column":4},"end":{"line":56,"column":94}},"type":"if","locations":[{"start":{"line":55,"column":4},"end":{"line":56,"column":94}},{"start":{"line":55,"column":4},"end":{"line":56,"column":94}}],"line":55},"5":{"loc":{"start":{"line":55,"column":8},"end":{"line":55,"column":139}},"type":"binary-expr","locations":[{"start":{"line":55,"column":8},"end":{"line":55,"column":20}},{"start":{"line":55,"column":24},"end":{"line":55,"column":37}},{"start":{"line":55,"column":41},"end":{"line":55,"column":57}},{"start":{"line":55,"column":63},"end":{"line":55,"column":75}},{"start":{"line":55,"column":79},"end":{"line":55,"column":124}},{"start":{"line":55,"column":128},"end":{"line":55,"column":139}}],"line":55},"6":{"loc":{"start":{"line":57,"column":4},"end":{"line":58,"column":88}},"type":"if","locations":[{"start":{"line":57,"column":4},"end":{"line":58,"column":88}},{"start":{"line":57,"column":4},"end":{"line":58,"column":88}}],"line":57},"7":{"loc":{"start":{"line":65,"column":8},"end":{"line":69,"column":9}},"type":"if","locations":[{"start":{"line":65,"column":8},"end":{"line":69,"column":9}},{"start":{"line":65,"column":8},"end":{"line":69,"column":9}}],"line":65},"8":{"loc":{"start":{"line":72,"column":15},"end":{"line":72,"column":34}},"type":"binary-expr","locations":[{"start":{"line":72,"column":15},"end":{"line":72,"column":26}},{"start":{"line":72,"column":30},"end":{"line":72,"column":34}}],"line":72},"9":{"loc":{"start":{"line":89,"column":25},"end":{"line":89,"column":77}},"type":"binary-expr","locations":[{"start":{"line":89,"column":25},"end":{"line":89,"column":34}},{"start":{"line":89,"column":38},"end":{"line":89,"column":77}}],"line":89},"10":{"loc":{"start":{"line":94,"column":15},"end":{"line":94,"column":34}},"type":"binary-expr","locations":[{"start":{"line":94,"column":15},"end":{"line":94,"column":26}},{"start":{"line":94,"column":30},"end":{"line":94,"column":34}}],"line":94},"11":{"loc":{"start":{"line":107,"column":19},"end":{"line":107,"column":38}},"type":"binary-expr","locations":[{"start":{"line":107,"column":19},"end":{"line":107,"column":30}},{"start":{"line":107,"column":34},"end":{"line":107,"column":38}}],"line":107},"12":{"loc":{"start":{"line":125,"column":4},"end":{"line":126,"column":76}},"type":"if","locations":[{"start":{"line":125,"column":4},"end":{"line":126,"column":76}},{"start":{"line":125,"column":4},"end":{"line":126,"column":76}}],"line":125},"13":{"loc":{"start":{"line":139,"column":8},"end":{"line":142,"column":9}},"type":"if","locations":[{"start":{"line":139,"column":8},"end":{"line":142,"column":9}},{"start":{"line":139,"column":8},"end":{"line":142,"column":9}}],"line":139},"14":{"loc":{"start":{"line":147,"column":8},"end":{"line":150,"column":9}},"type":"if","locations":[{"start":{"line":147,"column":8},"end":{"line":150,"column":9}},{"start":{"line":147,"column":8},"end":{"line":150,"column":9}}],"line":147},"15":{"loc":{"start":{"line":156,"column":4},"end":{"line":156,"column":115}},"type":"if","locations":[{"start":{"line":156,"column":4},"end":{"line":156,"column":115}},{"start":{"line":156,"column":4},"end":{"line":156,"column":115}}],"line":156},"16":{"loc":{"start":{"line":158,"column":20},"end":{"line":158,"column":65}},"type":"cond-expr","locations":[{"start":{"line":158,"column":35},"end":{"line":158,"column":58}},{"start":{"line":158,"column":61},"end":{"line":158,"column":65}}],"line":158},"17":{"loc":{"start":{"line":159,"column":4},"end":{"line":161,"column":5}},"type":"if","locations":[{"start":{"line":159,"column":4},"end":{"line":161,"column":5}},{"start":{"line":159,"column":4},"end":{"line":161,"column":5}}],"line":159},"18":{"loc":{"start":{"line":159,"column":8},"end":{"line":159,"column":32}},"type":"binary-expr","locations":[{"start":{"line":159,"column":8},"end":{"line":159,"column":15}},{"start":{"line":159,"column":19},"end":{"line":159,"column":32}}],"line":159},"19":{"loc":{"start":{"line":164,"column":24},"end":{"line":164,"column":73}},"type":"cond-expr","locations":[{"start":{"line":164,"column":41},"end":{"line":164,"column":66}},{"start":{"line":164,"column":69},"end":{"line":164,"column":73}}],"line":164},"20":{"loc":{"start":{"line":165,"column":4},"end":{"line":169,"column":5}},"type":"if","locations":[{"start":{"line":165,"column":4},"end":{"line":169,"column":5}},{"start":{"line":165,"column":4},"end":{"line":169,"column":5}}],"line":165},"21":{"loc":{"start":{"line":165,"column":8},"end":{"line":165,"column":40}},"type":"binary-expr","locations":[{"start":{"line":165,"column":8},"end":{"line":165,"column":19}},{"start":{"line":165,"column":23},"end":{"line":165,"column":40}}],"line":165},"22":{"loc":{"start":{"line":174,"column":4},"end":{"line":174,"column":50}},"type":"if","locations":[{"start":{"line":174,"column":4},"end":{"line":174,"column":50}},{"start":{"line":174,"column":4},"end":{"line":174,"column":50}}],"line":174},"23":{"loc":{"start":{"line":175,"column":4},"end":{"line":175,"column":61}},"type":"if","locations":[{"start":{"line":175,"column":4},"end":{"line":175,"column":61}},{"start":{"line":175,"column":4},"end":{"line":175,"column":61}}],"line":175}},"s":{"0":1,"1":1,"2":1,"3":1,"4":0,"5":0,"6":0,"7":0,"8":7,"9":7,"10":0,"11":5,"12":5,"13":5,"14":1,"15":4,"16":0,"17":4,"18":4,"19":4,"20":0,"21":0,"22":0,"23":4,"24":4,"25":0,"26":4,"27":4,"28":12,"29":4,"30":4,"31":4,"32":0,"33":2,"34":2,"35":0,"36":4,"37":4,"38":0,"39":4,"40":4,"41":4,"42":4,"43":4,"44":4,"45":28,"46":3,"47":3,"48":4,"49":10,"50":2,"51":2,"52":4,"53":4,"54":4,"55":1,"56":3,"57":3,"58":3,"59":0,"60":3,"61":3,"62":3,"63":0,"64":0,"65":0,"66":3,"67":3,"68":2,"69":3,"70":2,"71":3,"72":1},"f":{"0":0,"1":0,"2":0,"3":0,"4":7,"5":7,"6":0,"7":5,"8":4,"9":0,"10":4,"11":4,"12":0,"13":2,"14":2,"15":0,"16":4},"b":{"0":[7,1],"1":[5,0],"2":[5,0],"3":[5,0],"4":[1,4],"5":[5,5,4,4,4,4],"6":[0,4],"7":[0,4],"8":[4,0],"9":[12,8],"10":[4,0],"11":[2,1],"12":[0,4],"13":[3,25],"14":[2,8],"15":[1,3],"16":[2,1],"17":[0,3],"18":[3,2],"19":[2,1],"20":[0,3],"21":[3,2],"22":[2,1],"23":[2,1]},"_coverageSchema":"1a1c01bbd47fc00a2c39e90264f33305004495a9","hash":"972258265f7c72cf8cf3b84eac62c9547df4ba45","contentHash":"4adccc32e57b4ccf6a97df7e6d0c634e2ecc0c0be88bda921c69a17e6862e310"},"/home/user/ub/4a/softeng/development/is115/UBEats/backend/helpers/helpers.js":{"path":"/home/user/ub/4a/softeng/development/is115/UBEats/backend/helpers/helpers.js","statementMap":{"0":{"start":{"line":12,"column":26},"end":{"line":12,"column":37}},"1":{"start":{"line":13,"column":8},"end":{"line":13,"column":26}},"2":{"start":{"line":15,"column":24},"end":{"line":15,"column":48}},"3":{"start":{"line":16,"column":8},"end":{"line":17,"column":49}},"4":{"start":{"line":17,"column":16},"end":{"line":17,"column":49}},"5":{"start":{"line":19,"column":22},"end":{"line":19,"column":23}},"6":{"start":{"line":21,"column":27},"end":{"line":21,"column":48}},"7":{"start":{"line":22,"column":8},"end":{"line":37,"column":9}},"8":{"start":{"line":25,"column":16},"end":{"line":25,"column":66}},"9":{"start":{"line":27,"column":16},"end":{"line":28,"column":64}},"10":{"start":{"line":28,"column":24},"end":{"line":28,"column":64}},"11":{"start":{"line":29,"column":16},"end":{"line":29,"column":66}},"12":{"start":{"line":31,"column":16},"end":{"line":32,"column":64}},"13":{"start":{"line":32,"column":24},"end":{"line":32,"column":64}},"14":{"start":{"line":35,"column":16},"end":{"line":36,"column":63}},"15":{"start":{"line":36,"column":24},"end":{"line":36,"column":63}},"16":{"start":{"line":38,"column":8},"end":{"line":38,"column":90}},"17":{"start":{"line":40,"column":8},"end":{"line":40,"column":27}},"18":{"start":{"line":43,"column":0},"end":{"line":43,"column":44}}},"fnMap":{"0":{"name":"_createUpdateDynamicQuery","decl":{"start":{"line":9,"column":9},"end":{"line":9,"column":34}},"loc":{"start":{"line":10,"column":0},"end":{"line":41,"column":1}},"line":10}},"branchMap":{"0":{"loc":{"start":{"line":16,"column":8},"end":{"line":17,"column":49}},"type":"if","locations":[{"start":{"line":16,"column":8},"end":{"line":17,"column":49}},{"start":{"line":16,"column":8},"end":{"line":17,"column":49}}],"line":16},"1":{"loc":{"start":{"line":27,"column":16},"end":{"line":28,"column":64}},"type":"if","locations":[{"start":{"line":27,"column":16},"end":{"line":28,"column":64}},{"start":{"line":27,"column":16},"end":{"line":28,"column":64}}],"line":27},"2":{"loc":{"start":{"line":31,"column":16},"end":{"line":32,"column":64}},"type":"if","locations":[{"start":{"line":31,"column":16},"end":{"line":32,"column":64}},{"start":{"line":31,"column":16},"end":{"line":32,"column":64}}],"line":31},"3":{"loc":{"start":{"line":35,"column":16},"end":{"line":36,"column":63}},"type":"if","locations":[{"start":{"line":35,"column":16},"end":{"line":36,"column":63}},{"start":{"line":35,"column":16},"end":{"line":36,"column":63}}],"line":35},"4":{"loc":{"start":{"line":35,"column":19},"end":{"line":35,"column":57}},"type":"binary-expr","locations":[{"start":{"line":35,"column":19},"end":{"line":35,"column":32}},{"start":{"line":35,"column":36},"end":{"line":35,"column":57}}],"line":35}},"s":{"0":10,"1":10,"2":10,"3":10,"4":3,"5":7,"6":7,"7":7,"8":10,"9":10,"10":10,"11":10,"12":10,"13":10,"14":10,"15":3,"16":7,"17":7,"18":1},"f":{"0":10},"b":{"0":[3,7],"1":[10,0],"2":[10,0],"3":[3,7],"4":[10,5]},"_coverageSchema":"1a1c01bbd47fc00a2c39e90264f33305004495a9","hash":"45e0ecb17e996295189a160991868327298f9684","contentHash":"887bc0d86e7ff64e21f2cd965cc46c90fa19a856fbba39b8a6c41bf69ba9861e"},"/home/user/ub/4a/softeng/development/is115/UBEats/backend/controllers/Restaurants.js":{"path":"/home/user/ub/4a/softeng/development/is115/UBEats/backend/controllers/Restaurants.js","statementMap":{"0":{"start":{"line":1,"column":20},"end":{"line":1,"column":54}},"1":{"start":{"line":10,"column":21},"end":{"line":10,"column":24}},"2":{"start":{"line":12,"column":17},"end":{"line":12,"column":54}},"3":{"start":{"line":14,"column":4},"end":{"line":15,"column":103}},"4":{"start":{"line":15,"column":8},"end":{"line":15,"column":103}},"5":{"start":{"line":19,"column":4},"end":{"line":19,"column":39}},"6":{"start":{"line":29,"column":20},"end":{"line":29,"column":30}},"7":{"start":{"line":30,"column":4},"end":{"line":31,"column":71}},"8":{"start":{"line":31,"column":8},"end":{"line":31,"column":71}},"9":{"start":{"line":32,"column":17},"end":{"line":32,"column":65}},"10":{"start":{"line":34,"column":4},"end":{"line":35,"column":103}},"11":{"start":{"line":35,"column":8},"end":{"line":35,"column":103}},"12":{"start":{"line":39,"column":4},"end":{"line":39,"column":39}},"13":{"start":{"line":49,"column":22},"end":{"line":49,"column":32}},"14":{"start":{"line":50,"column":4},"end":{"line":51,"column":69}},"15":{"start":{"line":51,"column":8},"end":{"line":51,"column":69}},"16":{"start":{"line":52,"column":17},"end":{"line":52,"column":67}},"17":{"start":{"line":54,"column":4},"end":{"line":55,"column":103}},"18":{"start":{"line":55,"column":8},"end":{"line":55,"column":103}},"19":{"start":{"line":59,"column":4},"end":{"line":59,"column":39}},"20":{"start":{"line":68,"column":21},"end":{"line":68,"column":24}},"21":{"start":{"line":70,"column":4},"end":{"line":71,"column":72}},"22":{"start":{"line":71,"column":8},"end":{"line":71,"column":72}},"23":{"start":{"line":73,"column":23},"end":{"line":73,"column":72}},"24":{"start":{"line":76,"column":4},"end":{"line":77,"column":100}},"25":{"start":{"line":77,"column":8},"end":{"line":77,"column":100}},"26":{"start":{"line":79,"column":4},"end":{"line":79,"column":45}},"27":{"start":{"line":88,"column":21},"end":{"line":88,"column":24}},"28":{"start":{"line":89,"column":19},"end":{"line":89,"column":22}},"29":{"start":{"line":91,"column":4},"end":{"line":92,"column":88}},"30":{"start":{"line":92,"column":8},"end":{"line":92,"column":88}},"31":{"start":{"line":94,"column":18},"end":{"line":94,"column":30}},"32":{"start":{"line":97,"column":4},"end":{"line":97,"column":22}},"33":{"start":{"line":99,"column":23},"end":{"line":99,"column":70}},"34":{"start":{"line":101,"column":4},"end":{"line":102,"column":81}},"35":{"start":{"line":102,"column":8},"end":{"line":102,"column":81}},"36":{"start":{"line":103,"column":4},"end":{"line":104,"column":104}},"37":{"start":{"line":104,"column":8},"end":{"line":104,"column":104}},"38":{"start":{"line":106,"column":4},"end":{"line":106,"column":45}},"39":{"start":{"line":116,"column":21},"end":{"line":116,"column":24}},"40":{"start":{"line":118,"column":4},"end":{"line":119,"column":72}},"41":{"start":{"line":119,"column":8},"end":{"line":119,"column":72}},"42":{"start":{"line":121,"column":21},"end":{"line":121,"column":64}},"43":{"start":{"line":124,"column":4},"end":{"line":125,"column":70}},"44":{"start":{"line":125,"column":8},"end":{"line":125,"column":70}},"45":{"start":{"line":126,"column":4},"end":{"line":127,"column":95}},"46":{"start":{"line":127,"column":8},"end":{"line":127,"column":95}},"47":{"start":{"line":129,"column":4},"end":{"line":129,"column":43}},"48":{"start":{"line":139,"column":21},"end":{"line":139,"column":24}},"49":{"start":{"line":141,"column":4},"end":{"line":142,"column":72}},"50":{"start":{"line":142,"column":8},"end":{"line":142,"column":72}},"51":{"start":{"line":144,"column":18},"end":{"line":144,"column":58}},"52":{"start":{"line":147,"column":4},"end":{"line":148,"column":67}},"53":{"start":{"line":148,"column":8},"end":{"line":148,"column":67}},"54":{"start":{"line":149,"column":4},"end":{"line":150,"column":89}},"55":{"start":{"line":150,"column":8},"end":{"line":150,"column":89}},"56":{"start":{"line":152,"column":4},"end":{"line":152,"column":40}},"57":{"start":{"line":161,"column":18},"end":{"line":161,"column":49}},"58":{"start":{"line":164,"column":4},"end":{"line":165,"column":69}},"59":{"start":{"line":165,"column":8},"end":{"line":165,"column":69}},"60":{"start":{"line":167,"column":4},"end":{"line":167,"column":38}},"61":{"start":{"line":177,"column":21},"end":{"line":177,"column":24}},"62":{"start":{"line":179,"column":4},"end":{"line":180,"column":72}},"63":{"start":{"line":180,"column":8},"end":{"line":180,"column":72}},"64":{"start":{"line":182,"column":17},"end":{"line":182,"column":56}},"65":{"start":{"line":185,"column":4},"end":{"line":186,"column":66}},"66":{"start":{"line":186,"column":8},"end":{"line":186,"column":66}},"67":{"start":{"line":187,"column":4},"end":{"line":188,"column":87}},"68":{"start":{"line":188,"column":8},"end":{"line":188,"column":87}},"69":{"start":{"line":190,"column":4},"end":{"line":190,"column":39}},"70":{"start":{"line":199,"column":21},"end":{"line":199,"column":24}},"71":{"start":{"line":202,"column":4},"end":{"line":203,"column":74}},"72":{"start":{"line":203,"column":8},"end":{"line":203,"column":74}},"73":{"start":{"line":205,"column":20},"end":{"line":205,"column":56}},"74":{"start":{"line":209,"column":4},"end":{"line":210,"column":68}},"75":{"start":{"line":210,"column":8},"end":{"line":210,"column":68}},"76":{"start":{"line":211,"column":4},"end":{"line":212,"column":92}},"77":{"start":{"line":212,"column":8},"end":{"line":212,"column":92}},"78":{"start":{"line":214,"column":4},"end":{"line":214,"column":42}},"79":{"start":{"line":223,"column":19},"end":{"line":223,"column":22}},"80":{"start":{"line":226,"column":4},"end":{"line":227,"column":74}},"81":{"start":{"line":227,"column":8},"end":{"line":227,"column":74}},"82":{"start":{"line":229,"column":20},"end":{"line":229,"column":54}},"83":{"start":{"line":232,"column":4},"end":{"line":233,"column":66}},"84":{"start":{"line":233,"column":8},"end":{"line":233,"column":66}},"85":{"start":{"line":234,"column":4},"end":{"line":235,"column":90}},"86":{"start":{"line":235,"column":8},"end":{"line":235,"column":90}},"87":{"start":{"line":237,"column":4},"end":{"line":237,"column":42}},"88":{"start":{"line":249,"column":43},"end":{"line":249,"column":53}},"89":{"start":{"line":252,"column":4},"end":{"line":253,"column":83}},"90":{"start":{"line":253,"column":8},"end":{"line":253,"column":83}},"91":{"start":{"line":255,"column":4},"end":{"line":256,"column":81}},"92":{"start":{"line":256,"column":8},"end":{"line":256,"column":81}},"93":{"start":{"line":258,"column":23},"end":{"line":258,"column":86}},"94":{"start":{"line":261,"column":4},"end":{"line":262,"column":80}},"95":{"start":{"line":262,"column":8},"end":{"line":262,"column":80}},"96":{"start":{"line":264,"column":4},"end":{"line":264,"column":57}},"97":{"start":{"line":267,"column":0},"end":{"line":267,"column":151}}},"fnMap":{"0":{"name":"getAll","decl":{"start":{"line":8,"column":15},"end":{"line":8,"column":21}},"loc":{"start":{"line":8,"column":31},"end":{"line":20,"column":1}},"line":8},"1":{"name":"getAllByUser","decl":{"start":{"line":27,"column":15},"end":{"line":27,"column":27}},"loc":{"start":{"line":27,"column":37},"end":{"line":40,"column":1}},"line":27},"2":{"name":"getAllByType","decl":{"start":{"line":47,"column":15},"end":{"line":47,"column":27}},"loc":{"start":{"line":47,"column":37},"end":{"line":60,"column":1}},"line":47},"3":{"name":"get","decl":{"start":{"line":67,"column":15},"end":{"line":67,"column":18}},"loc":{"start":{"line":67,"column":28},"end":{"line":80,"column":1}},"line":67},"4":{"name":"update","decl":{"start":{"line":86,"column":15},"end":{"line":86,"column":21}},"loc":{"start":{"line":87,"column":0},"end":{"line":107,"column":1}},"line":87},"5":{"name":"getFeedback","decl":{"start":{"line":115,"column":15},"end":{"line":115,"column":26}},"loc":{"start":{"line":115,"column":36},"end":{"line":130,"column":1}},"line":115},"6":{"name":"getTypes","decl":{"start":{"line":138,"column":15},"end":{"line":138,"column":23}},"loc":{"start":{"line":138,"column":33},"end":{"line":153,"column":1}},"line":138},"7":{"name":"getAllTypes","decl":{"start":{"line":160,"column":15},"end":{"line":160,"column":26}},"loc":{"start":{"line":160,"column":36},"end":{"line":168,"column":1}},"line":160},"8":{"name":"getMenu","decl":{"start":{"line":176,"column":15},"end":{"line":176,"column":22}},"loc":{"start":{"line":176,"column":32},"end":{"line":191,"column":1}},"line":176},"9":{"name":"deleteType","decl":{"start":{"line":198,"column":15},"end":{"line":198,"column":25}},"loc":{"start":{"line":198,"column":35},"end":{"line":215,"column":1}},"line":198},"10":{"name":"insertType","decl":{"start":{"line":222,"column":15},"end":{"line":222,"column":25}},"loc":{"start":{"line":222,"column":35},"end":{"line":238,"column":1}},"line":222},"11":{"name":"setFavourite","decl":{"start":{"line":247,"column":15},"end":{"line":247,"column":27}},"loc":{"start":{"line":248,"column":0},"end":{"line":265,"column":1}},"line":248}},"branchMap":{"0":{"loc":{"start":{"line":14,"column":4},"end":{"line":15,"column":103}},"type":"if","locations":[{"start":{"line":14,"column":4},"end":{"line":15,"column":103}},{"start":{"line":14,"column":4},"end":{"line":15,"column":103}}],"line":14},"1":{"loc":{"start":{"line":30,"column":4},"end":{"line":31,"column":71}},"type":"if","locations":[{"start":{"line":30,"column":4},"end":{"line":31,"column":71}},{"start":{"line":30,"column":4},"end":{"line":31,"column":71}}],"line":30},"2":{"loc":{"start":{"line":34,"column":4},"end":{"line":35,"column":103}},"type":"if","locations":[{"start":{"line":34,"column":4},"end":{"line":35,"column":103}},{"start":{"line":34,"column":4},"end":{"line":35,"column":103}}],"line":34},"3":{"loc":{"start":{"line":50,"column":4},"end":{"line":51,"column":69}},"type":"if","locations":[{"start":{"line":50,"column":4},"end":{"line":51,"column":69}},{"start":{"line":50,"column":4},"end":{"line":51,"column":69}}],"line":50},"4":{"loc":{"start":{"line":54,"column":4},"end":{"line":55,"column":103}},"type":"if","locations":[{"start":{"line":54,"column":4},"end":{"line":55,"column":103}},{"start":{"line":54,"column":4},"end":{"line":55,"column":103}}],"line":54},"5":{"loc":{"start":{"line":70,"column":4},"end":{"line":71,"column":72}},"type":"if","locations":[{"start":{"line":70,"column":4},"end":{"line":71,"column":72}},{"start":{"line":70,"column":4},"end":{"line":71,"column":72}}],"line":70},"6":{"loc":{"start":{"line":76,"column":4},"end":{"line":77,"column":100}},"type":"if","locations":[{"start":{"line":76,"column":4},"end":{"line":77,"column":100}},{"start":{"line":76,"column":4},"end":{"line":77,"column":100}}],"line":76},"7":{"loc":{"start":{"line":91,"column":4},"end":{"line":92,"column":88}},"type":"if","locations":[{"start":{"line":91,"column":4},"end":{"line":92,"column":88}},{"start":{"line":91,"column":4},"end":{"line":92,"column":88}}],"line":91},"8":{"loc":{"start":{"line":101,"column":4},"end":{"line":102,"column":81}},"type":"if","locations":[{"start":{"line":101,"column":4},"end":{"line":102,"column":81}},{"start":{"line":101,"column":4},"end":{"line":102,"column":81}}],"line":101},"9":{"loc":{"start":{"line":103,"column":4},"end":{"line":104,"column":104}},"type":"if","locations":[{"start":{"line":103,"column":4},"end":{"line":104,"column":104}},{"start":{"line":103,"column":4},"end":{"line":104,"column":104}}],"line":103},"10":{"loc":{"start":{"line":118,"column":4},"end":{"line":119,"column":72}},"type":"if","locations":[{"start":{"line":118,"column":4},"end":{"line":119,"column":72}},{"start":{"line":118,"column":4},"end":{"line":119,"column":72}}],"line":118},"11":{"loc":{"start":{"line":124,"column":4},"end":{"line":125,"column":70}},"type":"if","locations":[{"start":{"line":124,"column":4},"end":{"line":125,"column":70}},{"start":{"line":124,"column":4},"end":{"line":125,"column":70}}],"line":124},"12":{"loc":{"start":{"line":124,"column":7},"end":{"line":124,"column":38}},"type":"binary-expr","locations":[{"start":{"line":124,"column":7},"end":{"line":124,"column":16}},{"start":{"line":124,"column":20},"end":{"line":124,"column":38}}],"line":124},"13":{"loc":{"start":{"line":126,"column":4},"end":{"line":127,"column":95}},"type":"if","locations":[{"start":{"line":126,"column":4},"end":{"line":127,"column":95}},{"start":{"line":126,"column":4},"end":{"line":127,"column":95}}],"line":126},"14":{"loc":{"start":{"line":141,"column":4},"end":{"line":142,"column":72}},"type":"if","locations":[{"start":{"line":141,"column":4},"end":{"line":142,"column":72}},{"start":{"line":141,"column":4},"end":{"line":142,"column":72}}],"line":141},"15":{"loc":{"start":{"line":147,"column":4},"end":{"line":148,"column":67}},"type":"if","locations":[{"start":{"line":147,"column":4},"end":{"line":148,"column":67}},{"start":{"line":147,"column":4},"end":{"line":148,"column":67}}],"line":147},"16":{"loc":{"start":{"line":147,"column":7},"end":{"line":147,"column":32}},"type":"binary-expr","locations":[{"start":{"line":147,"column":7},"end":{"line":147,"column":13}},{"start":{"line":147,"column":17},"end":{"line":147,"column":32}}],"line":147},"17":{"loc":{"start":{"line":149,"column":4},"end":{"line":150,"column":89}},"type":"if","locations":[{"start":{"line":149,"column":4},"end":{"line":150,"column":89}},{"start":{"line":149,"column":4},"end":{"line":150,"column":89}}],"line":149},"18":{"loc":{"start":{"line":164,"column":4},"end":{"line":165,"column":69}},"type":"if","locations":[{"start":{"line":164,"column":4},"end":{"line":165,"column":69}},{"start":{"line":164,"column":4},"end":{"line":165,"column":69}}],"line":164},"19":{"loc":{"start":{"line":179,"column":4},"end":{"line":180,"column":72}},"type":"if","locations":[{"start":{"line":179,"column":4},"end":{"line":180,"column":72}},{"start":{"line":179,"column":4},"end":{"line":180,"column":72}}],"line":179},"20":{"loc":{"start":{"line":185,"column":4},"end":{"line":186,"column":66}},"type":"if","locations":[{"start":{"line":185,"column":4},"end":{"line":186,"column":66}},{"start":{"line":185,"column":4},"end":{"line":186,"column":66}}],"line":185},"21":{"loc":{"start":{"line":185,"column":7},"end":{"line":185,"column":30}},"type":"binary-expr","locations":[{"start":{"line":185,"column":7},"end":{"line":185,"column":12}},{"start":{"line":185,"column":16},"end":{"line":185,"column":30}}],"line":185},"22":{"loc":{"start":{"line":187,"column":4},"end":{"line":188,"column":87}},"type":"if","locations":[{"start":{"line":187,"column":4},"end":{"line":188,"column":87}},{"start":{"line":187,"column":4},"end":{"line":188,"column":87}}],"line":187},"23":{"loc":{"start":{"line":202,"column":4},"end":{"line":203,"column":74}},"type":"if","locations":[{"start":{"line":202,"column":4},"end":{"line":203,"column":74}},{"start":{"line":202,"column":4},"end":{"line":203,"column":74}}],"line":202},"24":{"loc":{"start":{"line":202,"column":8},"end":{"line":202,"column":40}},"type":"binary-expr","locations":[{"start":{"line":202,"column":8},"end":{"line":202,"column":23}},{"start":{"line":202,"column":27},"end":{"line":202,"column":40}}],"line":202},"25":{"loc":{"start":{"line":209,"column":4},"end":{"line":210,"column":68}},"type":"if","locations":[{"start":{"line":209,"column":4},"end":{"line":210,"column":68}},{"start":{"line":209,"column":4},"end":{"line":210,"column":68}}],"line":209},"26":{"loc":{"start":{"line":211,"column":4},"end":{"line":212,"column":92}},"type":"if","locations":[{"start":{"line":211,"column":4},"end":{"line":212,"column":92}},{"start":{"line":211,"column":4},"end":{"line":212,"column":92}}],"line":211},"27":{"loc":{"start":{"line":226,"column":4},"end":{"line":227,"column":74}},"type":"if","locations":[{"start":{"line":226,"column":4},"end":{"line":227,"column":74}},{"start":{"line":226,"column":4},"end":{"line":227,"column":74}}],"line":226},"28":{"loc":{"start":{"line":226,"column":8},"end":{"line":226,"column":36}},"type":"binary-expr","locations":[{"start":{"line":226,"column":8},"end":{"line":226,"column":21}},{"start":{"line":226,"column":25},"end":{"line":226,"column":36}}],"line":226},"29":{"loc":{"start":{"line":232,"column":4},"end":{"line":233,"column":66}},"type":"if","locations":[{"start":{"line":232,"column":4},"end":{"line":233,"column":66}},{"start":{"line":232,"column":4},"end":{"line":233,"column":66}}],"line":232},"30":{"loc":{"start":{"line":234,"column":4},"end":{"line":235,"column":90}},"type":"if","locations":[{"start":{"line":234,"column":4},"end":{"line":235,"column":90}},{"start":{"line":234,"column":4},"end":{"line":235,"column":90}}],"line":234},"31":{"loc":{"start":{"line":252,"column":4},"end":{"line":253,"column":83}},"type":"if","locations":[{"start":{"line":252,"column":4},"end":{"line":253,"column":83}},{"start":{"line":252,"column":4},"end":{"line":253,"column":83}}],"line":252},"32":{"loc":{"start":{"line":255,"column":4},"end":{"line":256,"column":81}},"type":"if","locations":[{"start":{"line":255,"column":4},"end":{"line":256,"column":81}},{"start":{"line":255,"column":4},"end":{"line":256,"column":81}}],"line":255},"33":{"loc":{"start":{"line":261,"column":4},"end":{"line":262,"column":80}},"type":"if","locations":[{"start":{"line":261,"column":4},"end":{"line":262,"column":80}},{"start":{"line":261,"column":4},"end":{"line":262,"column":80}}],"line":261},"34":{"loc":{"start":{"line":261,"column":7},"end":{"line":261,"column":38}},"type":"binary-expr","locations":[{"start":{"line":261,"column":7},"end":{"line":261,"column":17}},{"start":{"line":261,"column":21},"end":{"line":261,"column":38}}],"line":261}},"s":{"0":1,"1":1,"2":1,"3":1,"4":0,"5":1,"6":2,"7":2,"8":0,"9":2,"10":2,"11":0,"12":2,"13":0,"14":0,"15":0,"16":0,"17":0,"18":0,"19":0,"20":3,"21":3,"22":0,"23":3,"24":3,"25":2,"26":1,"27":2,"28":2,"29":2,"30":0,"31":2,"32":2,"33":2,"34":2,"35":0,"36":2,"37":1,"38":1,"39":1,"40":1,"41":0,"42":1,"43":1,"44":0,"45":1,"46":0,"47":1,"48":0,"49":0,"50":0,"51":0,"52":0,"53":0,"54":0,"55":0,"56":0,"57":0,"58":0,"59":0,"60":0,"61":2,"62":2,"63":0,"64":2,"65":2,"66":1,"67":1,"68":0,"69":1,"70":2,"71":2,"72":0,"73":2,"74":2,"75":1,"76":1,"77":0,"78":1,"79":2,"80":2,"81":0,"82":2,"83":2,"84":0,"85":2,"86":1,"87":1,"88":0,"89":0,"90":0,"91":0,"92":0,"93":0,"94":0,"95":0,"96":0,"97":1},"f":{"0":1,"1":2,"2":0,"3":3,"4":2,"5":1,"6":0,"7":0,"8":2,"9":2,"10":2,"11":0},"b":{"0":[0,1],"1":[0,2],"2":[0,2],"3":[0,0],"4":[0,0],"5":[0,3],"6":[2,1],"7":[0,2],"8":[0,2],"9":[1,1],"10":[0,1],"11":[0,1],"12":[1,1],"13":[0,1],"14":[0,0],"15":[0,0],"16":[0,0],"17":[0,0],"18":[0,0],"19":[0,2],"20":[1,1],"21":[2,1],"22":[0,1],"23":[0,2],"24":[2,2],"25":[1,1],"26":[0,1],"27":[0,2],"28":[2,2],"29":[0,2],"30":[1,1],"31":[0,0],"32":[0,0],"33":[0,0],"34":[0,0]},"_coverageSchema":"1a1c01bbd47fc00a2c39e90264f33305004495a9","hash":"0c2498f19a91f9141d128b632bda3fa838061b16","contentHash":"8d56cda056b4d047eeb0c411a59f0378c83f49ed8cfbfbdbe1b77093ccd0147f"},"/home/user/ub/4a/softeng/development/is115/UBEats/backend/services/restaurants.js":{"path":"/home/user/ub/4a/softeng/development/is115/UBEats/backend/services/restaurants.js","statementMap":{"0":{"start":{"line":2,"column":15},"end":{"line":2,"column":35}},"1":{"start":{"line":3,"column":15},"end":{"line":3,"column":46}},"2":{"start":{"line":4,"column":36},"end":{"line":4,"column":65}},"3":{"start":{"line":13,"column":20},"end":{"line":20,"column":97}},"4":{"start":{"line":22,"column":8},"end":{"line":28,"column":18}},"5":{"start":{"line":24,"column":24},"end":{"line":24,"column":39}},"6":{"start":{"line":27,"column":24},"end":{"line":27,"column":43}},"7":{"start":{"line":37,"column":20},"end":{"line":46,"column":132}},"8":{"start":{"line":47,"column":8},"end":{"line":67,"column":18}},"9":{"start":{"line":49,"column":24},"end":{"line":61,"column":25}},"10":{"start":{"line":51,"column":32},"end":{"line":55,"column":33}},"11":{"start":{"line":56,"column":32},"end":{"line":56,"column":61}},"12":{"start":{"line":57,"column":32},"end":{"line":57,"column":63}},"13":{"start":{"line":58,"column":32},"end":{"line":58,"column":63}},"14":{"start":{"line":59,"column":32},"end":{"line":60,"column":65}},"15":{"start":{"line":59,"column":71},"end":{"line":59,"column":99}},"16":{"start":{"line":60,"column":37},"end":{"line":60,"column":65}},"17":{"start":{"line":62,"column":24},"end":{"line":62,"column":39}},"18":{"start":{"line":66,"column":24},"end":{"line":66,"column":43}},"19":{"start":{"line":76,"column":20},"end":{"line":84,"column":78}},"20":{"start":{"line":85,"column":8},"end":{"line":103,"column":18}},"21":{"start":{"line":87,"column":24},"end":{"line":97,"column":25}},"22":{"start":{"line":89,"column":32},"end":{"line":93,"column":33}},"23":{"start":{"line":94,"column":32},"end":{"line":94,"column":61}},"24":{"start":{"line":95,"column":32},"end":{"line":95,"column":63}},"25":{"start":{"line":96,"column":32},"end":{"line":96,"column":63}},"26":{"start":{"line":98,"column":24},"end":{"line":98,"column":39}},"27":{"start":{"line":102,"column":24},"end":{"line":102,"column":43}},"28":{"start":{"line":111,"column":4},"end":{"line":147,"column":10}},"29":{"start":{"line":114,"column":16},"end":{"line":114,"column":44}},"30":{"start":{"line":114,"column":33},"end":{"line":114,"column":44}},"31":{"start":{"line":117,"column":33},"end":{"line":132,"column":17}},"32":{"start":{"line":134,"column":16},"end":{"line":141,"column":26}},"33":{"start":{"line":135,"column":24},"end":{"line":140,"column":30}},"34":{"start":{"line":143,"column":16},"end":{"line":143,"column":33}},"35":{"start":{"line":146,"column":16},"end":{"line":146,"column":35}},"36":{"start":{"line":155,"column":22},"end":{"line":155,"column":62}},"37":{"start":{"line":157,"column":8},"end":{"line":158,"column":55}},"38":{"start":{"line":158,"column":16},"end":{"line":158,"column":55}},"39":{"start":{"line":160,"column":22},"end":{"line":160,"column":78}},"40":{"start":{"line":161,"column":8},"end":{"line":163,"column":9}},"41":{"start":{"line":162,"column":16},"end":{"line":162,"column":57}},"42":{"start":{"line":165,"column":8},"end":{"line":172,"column":18}},"43":{"start":{"line":168,"column":24},"end":{"line":168,"column":50}},"44":{"start":{"line":171,"column":24},"end":{"line":171,"column":57}},"45":{"start":{"line":187,"column":22},"end":{"line":187,"column":24}},"46":{"start":{"line":189,"column":8},"end":{"line":190,"column":67}},"47":{"start":{"line":190,"column":16},"end":{"line":190,"column":67}},"48":{"start":{"line":192,"column":8},"end":{"line":193,"column":64}},"49":{"start":{"line":193,"column":16},"end":{"line":193,"column":64}},"50":{"start":{"line":195,"column":8},"end":{"line":196,"column":63}},"51":{"start":{"line":196,"column":16},"end":{"line":196,"column":63}},"52":{"start":{"line":198,"column":8},"end":{"line":199,"column":90}},"53":{"start":{"line":199,"column":16},"end":{"line":199,"column":90}},"54":{"start":{"line":202,"column":8},"end":{"line":203,"column":37}},"55":{"start":{"line":203,"column":16},"end":{"line":203,"column":37}},"56":{"start":{"line":205,"column":8},"end":{"line":205,"column":31}},"57":{"start":{"line":214,"column":4},"end":{"line":219,"column":70}},"58":{"start":{"line":217,"column":8},"end":{"line":217,"column":23}},"59":{"start":{"line":219,"column":20},"end":{"line":219,"column":68}},"60":{"start":{"line":229,"column":4},"end":{"line":233,"column":70}},"61":{"start":{"line":231,"column":8},"end":{"line":231,"column":23}},"62":{"start":{"line":233,"column":20},"end":{"line":233,"column":68}},"63":{"start":{"line":241,"column":8},"end":{"line":245,"column":74}},"64":{"start":{"line":243,"column":12},"end":{"line":243,"column":27}},"65":{"start":{"line":245,"column":24},"end":{"line":245,"column":72}},"66":{"start":{"line":254,"column":18},"end":{"line":254,"column":324}},"67":{"start":{"line":256,"column":4},"end":{"line":284,"column":70}},"68":{"start":{"line":260,"column":8},"end":{"line":260,"column":36}},"69":{"start":{"line":260,"column":25},"end":{"line":260,"column":36}},"70":{"start":{"line":262,"column":30},"end":{"line":262,"column":32}},"71":{"start":{"line":263,"column":22},"end":{"line":263,"column":24}},"72":{"start":{"line":264,"column":8},"end":{"line":280,"column":10}},"73":{"start":{"line":265,"column":12},"end":{"line":279,"column":13}},"74":{"start":{"line":266,"column":16},"end":{"line":275,"column":22}},"75":{"start":{"line":276,"column":16},"end":{"line":276,"column":38}},"76":{"start":{"line":278,"column":16},"end":{"line":278,"column":80}},"77":{"start":{"line":282,"column":8},"end":{"line":282,"column":30}},"78":{"start":{"line":284,"column":20},"end":{"line":284,"column":68}},"79":{"start":{"line":293,"column":18},"end":{"line":293,"column":130}},"80":{"start":{"line":295,"column":4},"end":{"line":300,"column":74}},"81":{"start":{"line":298,"column":12},"end":{"line":298,"column":38}},"82":{"start":{"line":300,"column":24},"end":{"line":300,"column":72}},"83":{"start":{"line":309,"column":18},"end":{"line":309,"column":115}},"84":{"start":{"line":310,"column":4},"end":{"line":314,"column":74}},"85":{"start":{"line":312,"column":12},"end":{"line":312,"column":38}},"86":{"start":{"line":314,"column":24},"end":{"line":314,"column":72}},"87":{"start":{"line":328,"column":21},"end":{"line":328,"column":110}},"88":{"start":{"line":329,"column":21},"end":{"line":329,"column":102}},"89":{"start":{"line":332,"column":8},"end":{"line":332,"column":136}},"90":{"start":{"line":332,"column":36},"end":{"line":332,"column":136}},"91":{"start":{"line":335,"column":8},"end":{"line":335,"column":132}},"92":{"start":{"line":335,"column":36},"end":{"line":335,"column":132}},"93":{"start":{"line":338,"column":25},"end":{"line":338,"column":128}},"94":{"start":{"line":339,"column":20},"end":{"line":339,"column":46}},"95":{"start":{"line":343,"column":8},"end":{"line":365,"column":9}},"96":{"start":{"line":344,"column":35},"end":{"line":344,"column":127}},"97":{"start":{"line":345,"column":16},"end":{"line":352,"column":26}},"98":{"start":{"line":347,"column":32},"end":{"line":347,"column":56}},"99":{"start":{"line":348,"column":32},"end":{"line":348,"column":47}},"100":{"start":{"line":351,"column":32},"end":{"line":351,"column":122}},"101":{"start":{"line":356,"column":35},"end":{"line":356,"column":147}},"102":{"start":{"line":357,"column":16},"end":{"line":364,"column":26}},"103":{"start":{"line":359,"column":32},"end":{"line":359,"column":55}},"104":{"start":{"line":360,"column":32},"end":{"line":360,"column":47}},"105":{"start":{"line":363,"column":32},"end":{"line":363,"column":123}},"106":{"start":{"line":368,"column":0},"end":{"line":368,"column":210}}},"fnMap":{"0":{"name":"getAllRestaurants","decl":{"start":{"line":11,"column":9},"end":{"line":11,"column":26}},"loc":{"start":{"line":12,"column":0},"end":{"line":29,"column":1}},"line":12},"1":{"name":"(anonymous_1)","decl":{"start":{"line":23,"column":22},"end":{"line":23,"column":23}},"loc":{"start":{"line":23,"column":29},"end":{"line":25,"column":17}},"line":23},"2":{"name":"(anonymous_2)","decl":{"start":{"line":26,"column":23},"end":{"line":26,"column":24}},"loc":{"start":{"line":26,"column":30},"end":{"line":28,"column":17}},"line":26},"3":{"name":"getAllRestaurantsByUser","decl":{"start":{"line":35,"column":9},"end":{"line":35,"column":32}},"loc":{"start":{"line":36,"column":0},"end":{"line":68,"column":1}},"line":36},"4":{"name":"(anonymous_4)","decl":{"start":{"line":48,"column":22},"end":{"line":48,"column":23}},"loc":{"start":{"line":48,"column":29},"end":{"line":63,"column":17}},"line":48},"5":{"name":"(anonymous_5)","decl":{"start":{"line":64,"column":23},"end":{"line":64,"column":24}},"loc":{"start":{"line":64,"column":30},"end":{"line":67,"column":17}},"line":64},"6":{"name":"getAllRestaurantsByType","decl":{"start":{"line":74,"column":9},"end":{"line":74,"column":32}},"loc":{"start":{"line":75,"column":0},"end":{"line":104,"column":1}},"line":75},"7":{"name":"(anonymous_7)","decl":{"start":{"line":86,"column":22},"end":{"line":86,"column":23}},"loc":{"start":{"line":86,"column":29},"end":{"line":99,"column":17}},"line":86},"8":{"name":"(anonymous_8)","decl":{"start":{"line":100,"column":23},"end":{"line":100,"column":24}},"loc":{"start":{"line":100,"column":30},"end":{"line":103,"column":17}},"line":100},"9":{"name":"getRestaurantByID","decl":{"start":{"line":110,"column":15},"end":{"line":110,"column":32}},"loc":{"start":{"line":110,"column":39},"end":{"line":148,"column":1}},"line":110},"10":{"name":"(anonymous_10)","decl":{"start":{"line":112,"column":14},"end":{"line":112,"column":15}},"loc":{"start":{"line":112,"column":21},"end":{"line":144,"column":9}},"line":112},"11":{"name":"(anonymous_11)","decl":{"start":{"line":134,"column":33},"end":{"line":134,"column":34}},"loc":{"start":{"line":134,"column":40},"end":{"line":141,"column":25}},"line":134},"12":{"name":"(anonymous_12)","decl":{"start":{"line":145,"column":15},"end":{"line":145,"column":16}},"loc":{"start":{"line":145,"column":22},"end":{"line":147,"column":9}},"line":145},"13":{"name":"updateRestaurant","decl":{"start":{"line":153,"column":9},"end":{"line":153,"column":25}},"loc":{"start":{"line":154,"column":0},"end":{"line":173,"column":1}},"line":154},"14":{"name":"(anonymous_14)","decl":{"start":{"line":166,"column":22},"end":{"line":166,"column":23}},"loc":{"start":{"line":166,"column":31},"end":{"line":169,"column":17}},"line":166},"15":{"name":"(anonymous_15)","decl":{"start":{"line":170,"column":23},"end":{"line":170,"column":24}},"loc":{"start":{"line":170,"column":30},"end":{"line":172,"column":17}},"line":170},"16":{"name":"_checkRestaurantUpdateParameters","decl":{"start":{"line":185,"column":9},"end":{"line":185,"column":41}},"loc":{"start":{"line":186,"column":0},"end":{"line":206,"column":1}},"line":186},"17":{"name":"getFeedback","decl":{"start":{"line":212,"column":15},"end":{"line":212,"column":26}},"loc":{"start":{"line":212,"column":33},"end":{"line":220,"column":1}},"line":212},"18":{"name":"(anonymous_18)","decl":{"start":{"line":215,"column":10},"end":{"line":215,"column":11}},"loc":{"start":{"line":215,"column":16},"end":{"line":218,"column":5}},"line":215},"19":{"name":"(anonymous_19)","decl":{"start":{"line":219,"column":11},"end":{"line":219,"column":12}},"loc":{"start":{"line":219,"column":18},"end":{"line":219,"column":69}},"line":219},"20":{"name":"getTypes","decl":{"start":{"line":227,"column":15},"end":{"line":227,"column":23}},"loc":{"start":{"line":227,"column":30},"end":{"line":234,"column":1}},"line":227},"21":{"name":"(anonymous_21)","decl":{"start":{"line":230,"column":10},"end":{"line":230,"column":11}},"loc":{"start":{"line":230,"column":16},"end":{"line":232,"column":5}},"line":230},"22":{"name":"(anonymous_22)","decl":{"start":{"line":233,"column":11},"end":{"line":233,"column":12}},"loc":{"start":{"line":233,"column":18},"end":{"line":233,"column":69}},"line":233},"23":{"name":"getAllTypes","decl":{"start":{"line":240,"column":15},"end":{"line":240,"column":26}},"loc":{"start":{"line":240,"column":28},"end":{"line":246,"column":5}},"line":240},"24":{"name":"(anonymous_24)","decl":{"start":{"line":242,"column":14},"end":{"line":242,"column":15}},"loc":{"start":{"line":242,"column":20},"end":{"line":244,"column":9}},"line":242},"25":{"name":"(anonymous_25)","decl":{"start":{"line":245,"column":15},"end":{"line":245,"column":16}},"loc":{"start":{"line":245,"column":22},"end":{"line":245,"column":73}},"line":245},"26":{"name":"getMenu","decl":{"start":{"line":252,"column":15},"end":{"line":252,"column":22}},"loc":{"start":{"line":252,"column":29},"end":{"line":285,"column":1}},"line":252},"27":{"name":"(anonymous_27)","decl":{"start":{"line":257,"column":10},"end":{"line":257,"column":11}},"loc":{"start":{"line":257,"column":16},"end":{"line":283,"column":5}},"line":257},"28":{"name":"(anonymous_28)","decl":{"start":{"line":264,"column":25},"end":{"line":264,"column":26}},"loc":{"start":{"line":264,"column":33},"end":{"line":280,"column":9}},"line":264},"29":{"name":"(anonymous_29)","decl":{"start":{"line":284,"column":11},"end":{"line":284,"column":12}},"loc":{"start":{"line":284,"column":18},"end":{"line":284,"column":69}},"line":284},"30":{"name":"deleteType","decl":{"start":{"line":292,"column":15},"end":{"line":292,"column":25}},"loc":{"start":{"line":292,"column":33},"end":{"line":301,"column":1}},"line":292},"31":{"name":"(anonymous_31)","decl":{"start":{"line":296,"column":14},"end":{"line":296,"column":15}},"loc":{"start":{"line":296,"column":20},"end":{"line":299,"column":9}},"line":296},"32":{"name":"(anonymous_32)","decl":{"start":{"line":300,"column":15},"end":{"line":300,"column":16}},"loc":{"start":{"line":300,"column":22},"end":{"line":300,"column":73}},"line":300},"33":{"name":"insertType","decl":{"start":{"line":308,"column":15},"end":{"line":308,"column":25}},"loc":{"start":{"line":308,"column":33},"end":{"line":315,"column":1}},"line":308},"34":{"name":"(anonymous_34)","decl":{"start":{"line":311,"column":14},"end":{"line":311,"column":15}},"loc":{"start":{"line":311,"column":20},"end":{"line":313,"column":9}},"line":311},"35":{"name":"(anonymous_35)","decl":{"start":{"line":314,"column":15},"end":{"line":314,"column":16}},"loc":{"start":{"line":314,"column":22},"end":{"line":314,"column":73}},"line":314},"36":{"name":"upsertFavourite","decl":{"start":{"line":326,"column":15},"end":{"line":326,"column":30}},"loc":{"start":{"line":326,"column":60},"end":{"line":366,"column":1}},"line":326},"37":{"name":"(anonymous_37)","decl":{"start":{"line":346,"column":30},"end":{"line":346,"column":31}},"loc":{"start":{"line":346,"column":37},"end":{"line":349,"column":25}},"line":346},"38":{"name":"(anonymous_38)","decl":{"start":{"line":350,"column":31},"end":{"line":350,"column":32}},"loc":{"start":{"line":350,"column":38},"end":{"line":352,"column":25}},"line":350},"39":{"name":"(anonymous_39)","decl":{"start":{"line":358,"column":30},"end":{"line":358,"column":31}},"loc":{"start":{"line":358,"column":37},"end":{"line":361,"column":25}},"line":358},"40":{"name":"(anonymous_40)","decl":{"start":{"line":362,"column":31},"end":{"line":362,"column":32}},"loc":{"start":{"line":362,"column":38},"end":{"line":364,"column":25}},"line":362}},"branchMap":{"0":{"loc":{"start":{"line":59,"column":32},"end":{"line":60,"column":65}},"type":"if","locations":[{"start":{"line":59,"column":32},"end":{"line":60,"column":65}},{"start":{"line":59,"column":32},"end":{"line":60,"column":65}}],"line":59},"1":{"loc":{"start":{"line":114,"column":16},"end":{"line":114,"column":44}},"type":"if","locations":[{"start":{"line":114,"column":16},"end":{"line":114,"column":44}},{"start":{"line":114,"column":16},"end":{"line":114,"column":44}}],"line":114},"2":{"loc":{"start":{"line":157,"column":8},"end":{"line":158,"column":55}},"type":"if","locations":[{"start":{"line":157,"column":8},"end":{"line":158,"column":55}},{"start":{"line":157,"column":8},"end":{"line":158,"column":55}}],"line":157},"3":{"loc":{"start":{"line":161,"column":8},"end":{"line":163,"column":9}},"type":"if","locations":[{"start":{"line":161,"column":8},"end":{"line":163,"column":9}},{"start":{"line":161,"column":8},"end":{"line":163,"column":9}}],"line":161},"4":{"loc":{"start":{"line":168,"column":31},"end":{"line":168,"column":50}},"type":"binary-expr","locations":[{"start":{"line":168,"column":31},"end":{"line":168,"column":42}},{"start":{"line":168,"column":46},"end":{"line":168,"column":50}}],"line":168},"5":{"loc":{"start":{"line":189,"column":8},"end":{"line":190,"column":67}},"type":"if","locations":[{"start":{"line":189,"column":8},"end":{"line":190,"column":67}},{"start":{"line":189,"column":8},"end":{"line":190,"column":67}}],"line":189},"6":{"loc":{"start":{"line":189,"column":11},"end":{"line":189,"column":65}},"type":"binary-expr","locations":[{"start":{"line":189,"column":11},"end":{"line":189,"column":30}},{"start":{"line":189,"column":34},"end":{"line":189,"column":65}}],"line":189},"7":{"loc":{"start":{"line":192,"column":8},"end":{"line":193,"column":64}},"type":"if","locations":[{"start":{"line":192,"column":8},"end":{"line":193,"column":64}},{"start":{"line":192,"column":8},"end":{"line":193,"column":64}}],"line":192},"8":{"loc":{"start":{"line":192,"column":11},"end":{"line":192,"column":55}},"type":"binary-expr","locations":[{"start":{"line":192,"column":11},"end":{"line":192,"column":25}},{"start":{"line":192,"column":29},"end":{"line":192,"column":55}}],"line":192},"9":{"loc":{"start":{"line":195,"column":8},"end":{"line":196,"column":63}},"type":"if","locations":[{"start":{"line":195,"column":8},"end":{"line":196,"column":63}},{"start":{"line":195,"column":8},"end":{"line":196,"column":63}}],"line":195},"10":{"loc":{"start":{"line":195,"column":11},"end":{"line":195,"column":50}},"type":"binary-expr","locations":[{"start":{"line":195,"column":11},"end":{"line":195,"column":22}},{"start":{"line":195,"column":26},"end":{"line":195,"column":50}}],"line":195},"11":{"loc":{"start":{"line":198,"column":8},"end":{"line":199,"column":90}},"type":"if","locations":[{"start":{"line":198,"column":8},"end":{"line":199,"column":90}},{"start":{"line":198,"column":8},"end":{"line":199,"column":90}}],"line":198},"12":{"loc":{"start":{"line":198,"column":11},"end":{"line":198,"column":60}},"type":"binary-expr","locations":[{"start":{"line":198,"column":11},"end":{"line":198,"column":27}},{"start":{"line":198,"column":31},"end":{"line":198,"column":60}}],"line":198},"13":{"loc":{"start":{"line":202,"column":8},"end":{"line":203,"column":37}},"type":"if","locations":[{"start":{"line":202,"column":8},"end":{"line":203,"column":37}},{"start":{"line":202,"column":8},"end":{"line":203,"column":37}}],"line":202},"14":{"loc":{"start":{"line":260,"column":8},"end":{"line":260,"column":36}},"type":"if","locations":[{"start":{"line":260,"column":8},"end":{"line":260,"column":36}},{"start":{"line":260,"column":8},"end":{"line":260,"column":36}}],"line":260},"15":{"loc":{"start":{"line":265,"column":12},"end":{"line":279,"column":13}},"type":"if","locations":[{"start":{"line":265,"column":12},"end":{"line":279,"column":13}},{"start":{"line":265,"column":12},"end":{"line":279,"column":13}}],"line":265},"16":{"loc":{"start":{"line":298,"column":19},"end":{"line":298,"column":38}},"type":"binary-expr","locations":[{"start":{"line":298,"column":19},"end":{"line":298,"column":30}},{"start":{"line":298,"column":34},"end":{"line":298,"column":38}}],"line":298},"17":{"loc":{"start":{"line":312,"column":19},"end":{"line":312,"column":38}},"type":"binary-expr","locations":[{"start":{"line":312,"column":19},"end":{"line":312,"column":30}},{"start":{"line":312,"column":34},"end":{"line":312,"column":38}}],"line":312},"18":{"loc":{"start":{"line":332,"column":8},"end":{"line":332,"column":136}},"type":"if","locations":[{"start":{"line":332,"column":8},"end":{"line":332,"column":136}},{"start":{"line":332,"column":8},"end":{"line":332,"column":136}}],"line":332},"19":{"loc":{"start":{"line":335,"column":8},"end":{"line":335,"column":132}},"type":"if","locations":[{"start":{"line":335,"column":8},"end":{"line":335,"column":132}},{"start":{"line":335,"column":8},"end":{"line":335,"column":132}}],"line":335},"20":{"loc":{"start":{"line":343,"column":8},"end":{"line":365,"column":9}},"type":"if","locations":[{"start":{"line":343,"column":8},"end":{"line":365,"column":9}},{"start":{"line":343,"column":8},"end":{"line":365,"column":9}}],"line":343}},"s":{"0":1,"1":1,"2":1,"3":1,"4":1,"5":1,"6":0,"7":2,"8":2,"9":2,"10":10,"11":10,"12":10,"13":10,"14":10,"15":10,"16":0,"17":2,"18":0,"19":0,"20":0,"21":0,"22":0,"23":0,"24":0,"25":0,"26":0,"27":0,"28":3,"29":3,"30":2,"31":1,"32":1,"33":2,"34":1,"35":0,"36":2,"37":2,"38":1,"39":1,"40":1,"41":0,"42":1,"43":1,"44":0,"45":2,"46":2,"47":0,"48":2,"49":0,"50":2,"51":1,"52":2,"53":0,"54":2,"55":1,"56":1,"57":1,"58":1,"59":0,"60":0,"61":0,"62":0,"63":0,"64":0,"65":0,"66":2,"67":2,"68":2,"69":1,"70":1,"71":1,"72":1,"73":2,"74":1,"75":1,"76":1,"77":1,"78":0,"79":2,"80":2,"81":2,"82":0,"83":2,"84":2,"85":1,"86":1,"87":0,"88":0,"89":0,"90":0,"91":0,"92":0,"93":0,"94":0,"95":0,"96":0,"97":0,"98":0,"99":0,"100":0,"101":0,"102":0,"103":0,"104":0,"105":0,"106":1},"f":{"0":1,"1":1,"2":0,"3":2,"4":2,"5":0,"6":0,"7":0,"8":0,"9":3,"10":3,"11":2,"12":0,"13":2,"14":1,"15":0,"16":2,"17":1,"18":1,"19":0,"20":0,"21":0,"22":0,"23":0,"24":0,"25":0,"26":2,"27":2,"28":2,"29":0,"30":2,"31":2,"32":0,"33":2,"34":1,"35":1,"36":0,"37":0,"38":0,"39":0,"40":0},"b":{"0":[10,0],"1":[2,1],"2":[1,1],"3":[0,1],"4":[1,0],"5":[0,2],"6":[2,0],"7":[0,2],"8":[2,0],"9":[1,1],"10":[2,2],"11":[0,2],"12":[2,0],"13":[1,1],"14":[1,1],"15":[1,1],"16":[2,1],"17":[1,0],"18":[0,0],"19":[0,0],"20":[0,0]},"_coverageSchema":"1a1c01bbd47fc00a2c39e90264f33305004495a9","hash":"39c4827395ca627df04d521653280e1de0bc900d","contentHash":"cae82fc434929c41e11794c20117475694df64f69f1d4a12a68e23ad9c5a80f3"},"/home/user/ub/4a/softeng/development/is115/UBEats/backend/controllers/Items.js":{"path":"/home/user/ub/4a/softeng/development/is115/UBEats/backend/controllers/Items.js","statementMap":{"0":{"start":{"line":1,"column":17},"end":{"line":1,"column":48}},"1":{"start":{"line":9,"column":21},"end":{"line":9,"column":24}},"2":{"start":{"line":11,"column":18},"end":{"line":11,"column":46}},"3":{"start":{"line":13,"column":4},"end":{"line":14,"column":98}},"4":{"start":{"line":14,"column":8},"end":{"line":14,"column":98}},"5":{"start":{"line":18,"column":4},"end":{"line":18,"column":40}},"6":{"start":{"line":27,"column":21},"end":{"line":27,"column":24}},"7":{"start":{"line":28,"column":4},"end":{"line":29,"column":73}},"8":{"start":{"line":29,"column":8},"end":{"line":29,"column":73}},"9":{"start":{"line":31,"column":18},"end":{"line":31,"column":74}},"10":{"start":{"line":33,"column":4},"end":{"line":34,"column":100}},"11":{"start":{"line":34,"column":8},"end":{"line":34,"column":100}},"12":{"start":{"line":35,"column":4},"end":{"line":36,"column":131}},"13":{"start":{"line":36,"column":8},"end":{"line":36,"column":131}},"14":{"start":{"line":38,"column":4},"end":{"line":38,"column":40}},"15":{"start":{"line":47,"column":21},"end":{"line":47,"column":24}},"16":{"start":{"line":49,"column":4},"end":{"line":50,"column":73}},"17":{"start":{"line":50,"column":8},"end":{"line":50,"column":73}},"18":{"start":{"line":52,"column":17},"end":{"line":52,"column":59}},"19":{"start":{"line":55,"column":4},"end":{"line":56,"column":84}},"20":{"start":{"line":56,"column":8},"end":{"line":56,"column":84}},"21":{"start":{"line":58,"column":4},"end":{"line":58,"column":39}},"22":{"start":{"line":67,"column":19},"end":{"line":67,"column":22}},"23":{"start":{"line":69,"column":17},"end":{"line":69,"column":48}},"24":{"start":{"line":71,"column":4},"end":{"line":72,"column":94}},"25":{"start":{"line":72,"column":8},"end":{"line":72,"column":94}},"26":{"start":{"line":74,"column":4},"end":{"line":74,"column":39}},"27":{"start":{"line":83,"column":21},"end":{"line":83,"column":24}},"28":{"start":{"line":85,"column":4},"end":{"line":86,"column":73}},"29":{"start":{"line":86,"column":8},"end":{"line":86,"column":73}},"30":{"start":{"line":88,"column":17},"end":{"line":88,"column":58}},"31":{"start":{"line":90,"column":4},"end":{"line":91,"column":84}},"32":{"start":{"line":91,"column":8},"end":{"line":91,"column":84}},"33":{"start":{"line":92,"column":4},"end":{"line":93,"column":105}},"34":{"start":{"line":93,"column":8},"end":{"line":93,"column":105}},"35":{"start":{"line":95,"column":4},"end":{"line":95,"column":39}},"36":{"start":{"line":104,"column":21},"end":{"line":104,"column":24}},"37":{"start":{"line":105,"column":19},"end":{"line":105,"column":22}},"38":{"start":{"line":107,"column":4},"end":{"line":108,"column":73}},"39":{"start":{"line":108,"column":8},"end":{"line":108,"column":73}},"40":{"start":{"line":110,"column":15},"end":{"line":110,"column":29}},"41":{"start":{"line":113,"column":4},"end":{"line":113,"column":21}},"42":{"start":{"line":115,"column":17},"end":{"line":115,"column":52}},"43":{"start":{"line":117,"column":4},"end":{"line":118,"column":72}},"44":{"start":{"line":118,"column":8},"end":{"line":118,"column":72}},"45":{"start":{"line":119,"column":4},"end":{"line":120,"column":92}},"46":{"start":{"line":120,"column":8},"end":{"line":120,"column":92}},"47":{"start":{"line":122,"column":4},"end":{"line":122,"column":39}},"48":{"start":{"line":125,"column":0},"end":{"line":125,"column":74}}},"fnMap":{"0":{"name":"getAll","decl":{"start":{"line":6,"column":15},"end":{"line":6,"column":21}},"loc":{"start":{"line":7,"column":0},"end":{"line":19,"column":1}},"line":7},"1":{"name":"getAllByRestaurant","decl":{"start":{"line":24,"column":15},"end":{"line":24,"column":33}},"loc":{"start":{"line":25,"column":0},"end":{"line":40,"column":1}},"line":25},"2":{"name":"get","decl":{"start":{"line":45,"column":15},"end":{"line":45,"column":18}},"loc":{"start":{"line":46,"column":0},"end":{"line":59,"column":1}},"line":46},"3":{"name":"create","decl":{"start":{"line":65,"column":15},"end":{"line":65,"column":21}},"loc":{"start":{"line":66,"column":0},"end":{"line":75,"column":1}},"line":66},"4":{"name":"remove","decl":{"start":{"line":81,"column":15},"end":{"line":81,"column":21}},"loc":{"start":{"line":82,"column":0},"end":{"line":96,"column":1}},"line":82},"5":{"name":"update","decl":{"start":{"line":102,"column":15},"end":{"line":102,"column":21}},"loc":{"start":{"line":103,"column":0},"end":{"line":123,"column":1}},"line":103}},"branchMap":{"0":{"loc":{"start":{"line":13,"column":4},"end":{"line":14,"column":98}},"type":"if","locations":[{"start":{"line":13,"column":4},"end":{"line":14,"column":98}},{"start":{"line":13,"column":4},"end":{"line":14,"column":98}}],"line":13},"1":{"loc":{"start":{"line"
[...]
,"type":"if","locations":[{"start":{"line":89,"column":4},"end":{"line":90,"column":97}},{"start":{"line":89,"column":4},"end":{"line":90,"column":97}}],"line":89},"15":{"loc":{"start":{"line":105,"column":4},"end":{"line":106,"column":86}},"type":"if","locations":[{"start":{"line":105,"column":4},"end":{"line":106,"column":86}},{"start":{"line":105,"column":4},"end":{"line":106,"column":86}}],"line":105},"16":{"loc":{"start":{"line":105,"column":7},"end":{"line":105,"column":49}},"type":"binary-expr","locations":[{"start":{"line":105,"column":7},"end":{"line":105,"column":24}},{"start":{"line":105,"column":28},"end":{"line":105,"column":49}}],"line":105},"17":{"loc":{"start":{"line":110,"column":4},"end":{"line":111,"column":104}},"type":"if","locations":[{"start":{"line":110,"column":4},"end":{"line":111,"column":104}},{"start":{"line":110,"column":4},"end":{"line":111,"column":104}}],"line":110},"18":{"loc":{"start":{"line":112,"column":4},"end":{"line":113,"column":97}},"type":"if","locations":[{"start":{"line":112,"column":4},"end":{"line":113,"column":97}},{"start":{"line":112,"column":4},"end":{"line":113,"column":97}}],"line":112}},"s":{"0":1,"1":1,"2":2,"3":2,"4":2,"5":1,"6":1,"7":1,"8":0,"9":1,"10":0,"11":1,"12":3,"13":3,"14":3,"15":3,"16":1,"17":2,"18":2,"19":1,"20":1,"21":0,"22":1,"23":4,"24":4,"25":4,"26":4,"27":2,"28":2,"29":2,"30":1,"31":1,"32":7,"33":7,"34":7,"35":7,"36":7,"37":0,"38":7,"39":7,"40":2,"41":5,"42":3,"43":2,"44":0,"45":0,"46":0,"47":0,"48":0,"49":0,"50":0,"51":0,"52":0,"53":0,"54":0,"55":1},"f":{"0":2,"1":3,"2":4,"3":7,"4":0},"b":{"0":[1,1],"1":[2,2],"2":[0,1],"3":[0,1],"4":[1,2],"5":[3,3],"6":[1,1],"7":[0,1],"8":[2,2],"9":[4,4],"10":[1,1],"11":[0,7],"12":[7,7],"13":[2,5],"14":[3,2],"15":[0,0],"16":[0,0],"17":[0,0],"18":[0,0]},"_coverageSchema":"1a1c01bbd47fc00a2c39e90264f33305004495a9","hash":"f4ee29392372596670c5856d87344b7c2fa8ad37","contentHash":"369ed28d9fe5d12bd6a371e32e9b7032b26dc7cd6cb8800364e1df432dca7598"},"/home/user/ub/4a/softeng/development/is115/UBEats/backend/services/extra_items.js":{"path":"/home/user/ub/4a/softeng/development/is115/UBEats/backend/services/extra_items.js","statementMap":{"0":{"start":{"line":1,"column":15},"end":{"line":1,"column":35}},"1":{"start":{"line":2,"column":15},"end":{"line":2,"column":46}},"2":{"start":{"line":9,"column":8},"end":{"line":15,"column":18}},"3":{"start":{"line":11,"column":24},"end":{"line":11,"column":39}},"4":{"start":{"line":14,"column":24},"end":{"line":14,"column":43}},"5":{"start":{"line":23,"column":8},"end":{"line":29,"column":18}},"6":{"start":{"line":25,"column":24},"end":{"line":25,"column":42}},"7":{"start":{"line":28,"column":24},"end":{"line":28,"column":43}},"8":{"start":{"line":37,"column":22},"end":{"line":37,"column":53}},"9":{"start":{"line":39,"column":8},"end":{"line":40,"column":57}},"10":{"start":{"line":40,"column":16},"end":{"line":40,"column":57}},"11":{"start":{"line":42,"column":22},"end":{"line":42,"column":108}},"12":{"start":{"line":43,"column":8},"end":{"line":49,"column":18}},"13":{"start":{"line":45,"column":24},"end":{"line":45,"column":42}},"14":{"start":{"line":48,"column":24},"end":{"line":48,"column":57}},"15":{"start":{"line":58,"column":22},"end":{"line":58,"column":53}},"16":{"start":{"line":60,"column":8},"end":{"line":61,"column":57}},"17":{"start":{"line":61,"column":16},"end":{"line":61,"column":57}},"18":{"start":{"line":63,"column":22},"end":{"line":63,"column":72}},"19":{"start":{"line":64,"column":8},"end":{"line":65,"column":57}},"20":{"start":{"line":65,"column":16},"end":{"line":65,"column":57}},"21":{"start":{"line":67,"column":8},"end":{"line":73,"column":18}},"22":{"start":{"line":69,"column":24},"end":{"line":69,"column":42}},"23":{"start":{"line":72,"column":24},"end":{"line":72,"column":57}},"24":{"start":{"line":81,"column":8},"end":{"line":87,"column":18}},"25":{"start":{"line":83,"column":24},"end":{"line":83,"column":42}},"26":{"start":{"line":86,"column":24},"end":{"line":86,"column":57}},"27":{"start":{"line":95,"column":22},"end":{"line":95,"column":24}},"28":{"start":{"line":97,"column":8},"end":{"line":98,"column":77}},"29":{"start":{"line":98,"column":16},"end":{"line":98,"column":77}},"30":{"start":{"line":100,"column":8},"end":{"line":101,"column":84}},"31":{"start":{"line":101,"column":16},"end":{"line":101,"column":84}},"32":{"start":{"line":103,"column":8},"end":{"line":104,"column":78}},"33":{"start":{"line":104,"column":16},"end":{"line":104,"column":78}},"34":{"start":{"line":105,"column":8},"end":{"line":106,"column":77}},"35":{"start":{"line":106,"column":16},"end":{"line":106,"column":77}},"36":{"start":{"line":108,"column":8},"end":{"line":109,"column":36}},"37":{"start":{"line":109,"column":16},"end":{"line":109,"column":36}},"38":{"start":{"line":110,"column":8},"end":{"line":111,"column":89}},"39":{"start":{"line":111,"column":16},"end":{"line":111,"column":89}},"40":{"start":{"line":113,"column":8},"end":{"line":114,"column":80}},"41":{"start":{"line":114,"column":16},"end":{"line":114,"column":80}},"42":{"start":{"line":115,"column":8},"end":{"line":116,"column":74}},"43":{"start":{"line":116,"column":16},"end":{"line":116,"column":74}},"44":{"start":{"line":117,"column":8},"end":{"line":118,"column":91}},"45":{"start":{"line":118,"column":16},"end":{"line":118,"column":91}},"46":{"start":{"line":120,"column":8},"end":{"line":121,"column":39}},"47":{"start":{"line":121,"column":16},"end":{"line":121,"column":39}},"48":{"start":{"line":123,"column":8},"end":{"line":123,"column":31}},"49":{"start":{"line":131,"column":22},"end":{"line":131,"column":24}},"50":{"start":{"line":133,"column":8},"end":{"line":134,"column":77}},"51":{"start":{"line":134,"column":16},"end":{"line":134,"column":77}},"52":{"start":{"line":136,"column":8},"end":{"line":137,"column":89}},"53":{"start":{"line":137,"column":16},"end":{"line":137,"column":89}},"54":{"start":{"line":139,"column":8},"end":{"line":140,"column":74}},"55":{"start":{"line":140,"column":16},"end":{"line":140,"column":74}},"56":{"start":{"line":141,"column":8},"end":{"line":142,"column":91}},"57":{"start":{"line":142,"column":16},"end":{"line":142,"column":91}},"58":{"start":{"line":144,"column":8},"end":{"line":145,"column":39}},"59":{"start":{"line":145,"column":16},"end":{"line":145,"column":39}},"60":{"start":{"line":147,"column":8},"end":{"line":147,"column":31}},"61":{"start":{"line":157,"column":8},"end":{"line":158,"column":40}},"62":{"start":{"line":158,"column":16},"end":{"line":158,"column":40}},"63":{"start":{"line":160,"column":24},"end":{"line":160,"column":48}},"64":{"start":{"line":161,"column":8},"end":{"line":162,"column":49}},"65":{"start":{"line":162,"column":16},"end":{"line":162,"column":49}},"66":{"start":{"line":164,"column":22},"end":{"line":164,"column":23}},"67":{"start":{"line":166,"column":27},"end":{"line":166,"column":51}},"68":{"start":{"line":167,"column":8},"end":{"line":182,"column":9}},"69":{"start":{"line":170,"column":16},"end":{"line":170,"column":66}},"70":{"start":{"line":172,"column":16},"end":{"line":173,"column":64}},"71":{"start":{"line":173,"column":24},"end":{"line":173,"column":64}},"72":{"start":{"line":174,"column":16},"end":{"line":174,"column":66}},"73":{"start":{"line":176,"column":16},"end":{"line":177,"column":64}},"74":{"start":{"line":177,"column":24},"end":{"line":177,"column":64}},"75":{"start":{"line":180,"column":16},"end":{"line":181,"column":63}},"76":{"start":{"line":181,"column":24},"end":{"line":181,"column":63}},"77":{"start":{"line":183,"column":8},"end":{"line":183,"column":116}},"78":{"start":{"line":187,"column":8},"end":{"line":187,"column":27}},"79":{"start":{"line":190,"column":0},"end":{"line":190,"column":115}}},"fnMap":{"0":{"name":"getAllExtrasForItem","decl":{"start":{"line":7,"column":9},"end":{"line":7,"column":28}},"loc":{"start":{"line":8,"column":0},"end":{"line":16,"column":1}},"line":8},"1":{"name":"(anonymous_1)","decl":{"start":{"line":10,"column":22},"end":{"line":10,"column":23}},"loc":{"start":{"line":10,"column":29},"end":{"line":12,"column":17}},"line":10},"2":{"name":"(anonymous_2)","decl":{"start":{"line":13,"column":23},"end":{"line":13,"column":24}},"loc":{"start":{"line":13,"column":30},"end":{"line":15,"column":17}},"line":13},"3":{"name":"getExtraForItem","decl":{"start":{"line":21,"column":9},"end":{"line":21,"column":24}},"loc":{"start":{"line":22,"column":0},"end":{"line":30,"column":1}},"line":22},"4":{"name":"(anonymous_4)","decl":{"start":{"line":24,"column":22},"end":{"line":24,"column":23}},"loc":{"start":{"line":24,"column":29},"end":{"line":26,"column":17}},"line":24},"5":{"name":"(anonymous_5)","decl":{"start":{"line":27,"column":23},"end":{"line":27,"column":24}},"loc":{"start":{"line":27,"column":30},"end":{"line":29,"column":17}},"line":27},"6":{"name":"createExtraForItem","decl":{"start":{"line":35,"column":9},"end":{"line":35,"column":27}},"loc":{"start":{"line":36,"column":0},"end":{"line":50,"column":1}},"line":36},"7":{"name":"(anonymous_7)","decl":{"start":{"line":44,"column":22},"end":{"line":44,"column":23}},"loc":{"start":{"line":44,"column":31},"end":{"line":46,"column":17}},"line":44},"8":{"name":"(anonymous_8)","decl":{"start":{"line":47,"column":23},"end":{"line":47,"column":24}},"loc":{"start":{"line":47,"column":30},"end":{"line":49,"column":17}},"line":47},"9":{"name":"updateExtraForItem","decl":{"start":{"line":56,"column":9},"end":{"line":56,"column":27}},"loc":{"start":{"line":57,"column":0},"end":{"line":74,"column":1}},"line":57},"10":{"name":"(anonymous_10)","decl":{"start":{"line":68,"column":22},"end":{"line":68,"column":23}},"loc":{"start":{"line":68,"column":31},"end":{"line":70,"column":17}},"line":68},"11":{"name":"(anonymous_11)","decl":{"start":{"line":71,"column":23},"end":{"line":71,"column":24}},"loc":{"start":{"line":71,"column":30},"end":{"line":73,"column":17}},"line":71},"12":{"name":"deleteExtraForItem","decl":{"start":{"line":79,"column":9},"end":{"line":79,"column":27}},"loc":{"start":{"line":80,"column":0},"end":{"line":88,"column":1}},"line":80},"13":{"name":"(anonymous_13)","decl":{"start":{"line":82,"column":22},"end":{"line":82,"column":23}},"loc":{"start":{"line":82,"column":31},"end":{"line":84,"column":17}},"line":82},"14":{"name":"(anonymous_14)","decl":{"start":{"line":85,"column":23},"end":{"line":85,"column":24}},"loc":{"start":{"line":85,"column":30},"end":{"line":87,"column":17}},"line":85},"15":{"name":"_checkCreateBody","decl":{"start":{"line":93,"column":9},"end":{"line":93,"column":25}},"loc":{"start":{"line":94,"column":0},"end":{"line":124,"column":1}},"line":94},"16":{"name":"_checkUpdateBody","decl":{"start":{"line":129,"column":9},"end":{"line":129,"column":25}},"loc":{"start":{"line":130,"column":0},"end":{"line":148,"column":1}},"line":130},"17":{"name":"_createUpdateDynamicQuery","decl":{"start":{"line":155,"column":9},"end":{"line":155,"column":34}},"loc":{"start":{"line":156,"column":0},"end":{"line":188,"column":1}},"line":156}},"branchMap":{"0":{"loc":{"start":{"line":39,"column":8},"end":{"line":40,"column":57}},"type":"if","locations":[{"start":{"line":39,"column":8},"end":{"line":40,"column":57}},{"start":{"line":39,"column":8},"end":{"line":40,"column":57}}],"line":39},"1":{"loc":{"start":{"line":60,"column":8},"end":{"line":61,"column":57}},"type":"if","locations":[{"start":{"line":60,"column":8},"end":{"line":61,"column":57}},{"start":{"line":60,"column":8},"end":{"line":61,"column":57}}],"line":60},"2":{"loc":{"start":{"line":64,"column":8},"end":{"line":65,"column":57}},"type":"if","locations":[{"start":{"line":64,"column":8},"end":{"line":65,"column":57}},{"start":{"line":64,"column":8},"end":{"line":65,"column":57}}],"line":64},"3":{"loc":{"start":{"line":97,"column":8},"end":{"line":98,"column":77}},"type":"if","locations":[{"start":{"line":97,"column":8},"end":{"line":98,"column":77}},{"start":{"line":97,"column":8},"end":{"line":98,"column":77}}],"line":97},"4":{"loc":{"start":{"line":100,"column":8},"end":{"line":101,"column":84}},"type":"if","locations":[{"start":{"line":100,"column":8},"end":{"line":101,"column":84}},{"start":{"line":100,"column":8},"end":{"line":101,"column":84}}],"line":100},"5":{"loc":{"start":{"line":103,"column":8},"end":{"line":104,"column":78}},"type":"if","locations":[{"start":{"line":103,"column":8},"end":{"line":104,"column":78}},{"start":{"line":103,"column":8},"end":{"line":104,"column":78}}],"line":103},"6":{"loc":{"start":{"line":105,"column":8},"end":{"line":106,"column":77}},"type":"if","locations":[{"start":{"line":105,"column":8},"end":{"line":106,"column":77}},{"start":{"line":105,"column":8},"end":{"line":106,"column":77}}],"line":105},"7":{"loc":{"start":{"line":105,"column":11},"end":{"line":105,"column":39}},"type":"binary-expr","locations":[{"start":{"line":105,"column":11},"end":{"line":105,"column":21}},{"start":{"line":105,"column":25},"end":{"line":105,"column":39}}],"line":105},"8":{"loc":{"start":{"line":108,"column":8},"end":{"line":109,"column":36}},"type":"if","locations":[{"start":{"line":108,"column":8},"end":{"line":109,"column":36}},{"start":{"line":108,"column":8},"end":{"line":109,"column":36}}],"line":108},"9":{"loc":{"start":{"line":110,"column":8},"end":{"line":111,"column":89}},"type":"if","locations":[{"start":{"line":110,"column":8},"end":{"line":111,"column":89}},{"start":{"line":110,"column":8},"end":{"line":111,"column":89}}],"line":110},"10":{"loc":{"start":{"line":110,"column":11},"end":{"line":110,"column":51}},"type":"binary-expr","locations":[{"start":{"line":110,"column":11},"end":{"line":110,"column":29}},{"start":{"line":110,"column":33},"end":{"line":110,"column":51}}],"line":110},"11":{"loc":{"start":{"line":113,"column":8},"end":{"line":114,"column":80}},"type":"if","locations":[{"start":{"line":113,"column":8},"end":{"line":114,"column":80}},{"start":{"line":113,"column":8},"end":{"line":114,"column":80}}],"line":113},"12":{"loc":{"start":{"line":115,"column":8},"end":{"line":116,"column":74}},"type":"if","locations":[{"start":{"line":115,"column":8},"end":{"line":116,"column":74}},{"start":{"line":115,"column":8},"end":{"line":116,"column":74}}],"line":115},"13":{"loc":{"start":{"line":115,"column":11},"end":{"line":115,"column":43}},"type":"binary-expr","locations":[{"start":{"line":115,"column":11},"end":{"line":115,"column":23}},{"start":{"line":115,"column":27},"end":{"line":115,"column":43}}],"line":115},"14":{"loc":{"start":{"line":117,"column":8},"end":{"line":118,"column":91}},"type":"if","locations":[{"start":{"line":117,"column":8},"end":{"line":118,"column":91}},{"start":{"line":117,"column":8},"end":{"line":118,"column":91}}],"line":117},"15":{"loc":{"start":{"line":120,"column":8},"end":{"line":121,"column":39}},"type":"if","locations":[{"start":{"line":120,"column":8},"end":{"line":121,"column":39}},{"start":{"line":120,"column":8},"end":{"line":121,"column":39}}],"line":120},"16":{"loc":{"start":{"line":133,"column":8},"end":{"line":134,"column":77}},"type":"if","locations":[{"start":{"line":133,"column":8},"end":{"line":134,"column":77}},{"start":{"line":133,"column":8},"end":{"line":134,"column":77}}],"line":133},"17":{"loc":{"start":{"line":133,"column":11},"end":{"line":133,"column":39}},"type":"binary-expr","locations":[{"start":{"line":133,"column":11},"end":{"line":133,"column":21}},{"start":{"line":133,"column":25},"end":{"line":133,"column":39}}],"line":133},"18":{"loc":{"start":{"line":136,"column":8},"end":{"line":137,"column":89}},"type":"if","locations":[{"start":{"line":136,"column":8},"end":{"line":137,"column":89}},{"start":{"line":136,"column":8},"end":{"line":137,"column":89}}],"line":136},"19":{"loc":{"start":{"line":136,"column":11},"end":{"line":136,"column":71}},"type":"binary-expr","locations":[{"start":{"line":136,"column":11},"end":{"line":136,"column":25}},{"start":{"line":136,"column":30},"end":{"line":136,"column":48}},{"start":{"line":136,"column":52},"end":{"line":136,"column":70}}],"line":136},"20":{"loc":{"start":{"line":139,"column":8},"end":{"line":140,"column":74}},"type":"if","locations":[{"start":{"line":139,"column":8},"end":{"line":140,"column":74}},{"start":{"line":139,"column":8},"end":{"line":140,"column":74}}],"line":139},"21":{"loc":{"start":{"line":139,"column":11},"end":{"line":139,"column":43}},"type":"binary-expr","locations":[{"start":{"line":139,"column":11},"end":{"line":139,"column":23}},{"start":{"line":139,"column":27},"end":{"line":139,"column":43}}],"line":139},"22":{"loc":{"start":{"line":141,"column":8},"end":{"line":142,"column":91}},"type":"if","locations":[{"start":{"line":141,"column":8},"end":{"line":142,"column":91}},{"start":{"line":141,"column":8},"end":{"line":142,"column":91}}],"line":141},"23":{"loc":{"start":{"line":141,"column":11},"end":{"line":141,"column":52}},"type":"binary-expr","locations":[{"start":{"line":141,"column":11},"end":{"line":141,"column":23}},{"start":{"line":141,"column":28},"end":{"line":141,"column":51}}],"line":141},"24":{"loc":{"start":{"line":144,"column":8},"end":{"line":145,"column":39}},"type":"if","locations":[{"start":{"line":144,"column":8},"end":{"line":145,"column":39}},{"start":{"line":144,"column":8},"end":{"line":145,"column":39}}],"line":144},"25":{"loc":{"start":{"line":157,"column":8},"end":{"line":158,"column":40}},"type":"if","locations":[{"start":{"line":157,"column":8},"end":{"line":158,"column":40}},{"start":{"line":157,"column":8},"end":{"line":158,"column":40}}],"line":157},"26":{"loc":{"start":{"line":161,"column":8},"end":{"line":162,"column":49}},"type":"if","locations":[{"start":{"line":161,"column":8},"end":{"line":162,"column":49}},{"start":{"line":161,"column":8},"end":{"line":162,"column":49}}],"line":161},"27":{"loc":{"start":{"line":172,"column":16},"end":{"line":173,"column":64}},"type":"if","locations":[{"start":{"line":172,"column":16},"end":{"line":173,"column":64}},{"start":{"line":172,"column":16},"end":{"line":173,"column":64}}],"line":172},"28":{"loc":{"start":{"line":176,"column":16},"end":{"line":177,"column":64}},"type":"if","locations":[{"start":{"line":176,"column":16},"end":{"line":177,"column":64}},{"start":{"line":176,"column":16},"end":{"line":177,"column":64}}],"line":176},"29":{"loc":{"start":{"line":180,"column":16},"end":{"line":181,"column":63}},"type":"if","locations":[{"start":{"line":180,"column":16},"end":{"line":181,"column":63}},{"start":{"line":180,"column":16},"end":{"line":181,"column":63}}],"line":180},"30":{"loc":{"start":{"line":180,"column":19},"end":{"line":180,"column":57}},"type":"binary-expr","locations":[{"start":{"line":180,"column":19},"end":{"line":180,"column":32}},{"start":{"line":180,"column":36},"end":{"line":180,"column":57}}],"line":180}},"s":{"0":1,"1":1,"2":1,"3":1,"4":0,"5":2,"6":2,"7":0,"8":2,"9":2,"10":1,"11":1,"12":1,"13":1,"14":0,"15":7,"16":7,"17":3,"18":4,"19":4,"20":0,"21":4,"22":4,"23":0,"24":0,"25":0,"26":0,"27":2,"28":2,"29":0,"30":2,"31":0,"32":2,"33":0,"34":2,"35":1,"36":2,"37":0,"38":2,"39":1,"40":2,"41":0,"42":2,"43":0,"44":2,"45":1,"46":2,"47":1,"48":1,"49":7,"50":7,"51":1,"52":7,"53":0,"54":7,"55":0,"56":7,"57":2,"58":7,"59":3,"60":4,"61":4,"62":0,"63":4,"64":4,"65":0,"66":4,"67":4,"68":4,"69":20,"70":20,"71":20,"72":20,"73":20,"74":20,"75":20,"76":16,"77":4,"78":4,"79":1},"f":{"0":1,"1":1,"2":0,"3":2,"4":2,"5":0,"6":2,"7":1,"8":0,"9":7,"10":4,"11":0,"12":0,"13":0,"14":0,"15":2,"16":7,"17":4},"b":{"0":[1,1],"1":[3,4],"2":[0,4],"3":[0,2],"4":[0,2],"5":[0,2],"6":[1,1],"7":[2,2],"8":[0,2],"9":[1,1],"10":[2,1],"11":[0,2],"12":[0,2],"13":[2,2],"14":[1,1],"15":[1,1],"16":[1,6],"17":[7,7],"18":[0,7],"19":[7,7,7],"20":[0,7],"21":[7,7],"22":[2,5],"23":[7,7],"24":[3,4],"25":[0,4],"26":[0,4],"27":[20,0],"28":[20,0],"29":[16,4],"30":[20,20]},"_coverageSchema":"1a1c01bbd47fc00a2c39e90264f33305004495a9","hash":"89de747a5768a13bbac85b01dcb0b84f8bb54873","contentHash":"6a1f83450798995cb5cafbd983dbba90b369876e2e771adc41c6c58bce79682d"}}